[ 2017-12-20T15:16:52+08:00 ] 140.207.54.79 /index.php/Home/Weixin/index?signature=aebf75c366d7966e69987f33b99284f2c63ff77a&timestamp=1513754212&nonce=2130047489&openid=oLrCbwmYvm6em9hK2RAdYuPn9CXo
INFO: [ app_init ] --START--
INFO: Run Behavior\BuildLiteBehavior [ RunTime:0.000000s ]
INFO: [ app_init ] --END-- [ RunTime:0.000000s ]
INFO: [ app_begin ] --START--
INFO: Run Behavior\ReadHtmlCacheBehavior [ RunTime:0.000000s ]
INFO: [ app_begin ] --END-- [ RunTime:0.000000s ]
NOTIC: [2] session_start(): Cannot send session cookie - headers already sent C:\code\lutp\ThinkPHP\Common\functions.php 第 1263 行.
NOTIC: [2] session_start(): Cannot send session cache limiter - headers already sent C:\code\lutp\ThinkPHP\Common\functions.php 第 1263 行.
INFO: [ app_end ] --START--
INFO: Run Behavior\ShowPageTraceBehavior [ RunTime:0.000000s ]
INFO: [ app_end ] --END-- [ RunTime:0.000000s ]

[ 2017-12-20T15:17:00+08:00 ] 140.207.54.79 /index.php/Home/Weixin/index?signature=049335cade599e2e42ac1fa2c286251d38203c5b&timestamp=1513754220&nonce=2060686455&openid=oLrCbwmYvm6em9hK2RAdYuPn9CXo
INFO: [ app_init ] --START--
INFO: Run Behavior\BuildLiteBehavior [ RunTime:0.000000s ]
INFO: [ app_init ] --END-- [ RunTime:0.000000s ]
INFO: [ app_begin ] --START--
INFO: Run Behavior\ReadHtmlCacheBehavior [ RunTime:0.000000s ]
INFO: [ app_begin ] --END-- [ RunTime:0.000000s ]
NOTIC: [2] session_start(): Cannot send session cookie - headers already sent C:\code\lutp\ThinkPHP\Common\functions.php 第 1263 行.
NOTIC: [2] session_start(): Cannot send session cache limiter - headers already sent C:\code\lutp\ThinkPHP\Common\functions.php 第 1263 行.
INFO: [ app_end ] --START--
INFO: Run Behavior\ShowPageTraceBehavior [ RunTime:0.000000s ]
INFO: [ app_end ] --END-- [ RunTime:0.000000s ]

[ 2017-12-20T16:30:08+08:00 ] 106.11.227.207 /
INFO: [ app_init ] --START--
INFO: Run Behavior\BuildLiteBehavior [ RunTime:0.000000s ]
INFO: [ app_init ] --END-- [ RunTime:0.000000s ]
INFO: [ app_begin ] --START--
INFO: Run Behavior\ReadHtmlCacheBehavior [ RunTime:0.000000s ]
INFO: [ app_begin ] --END-- [ RunTime:0.000000s ]
SQL: SHOW COLUMNS FROM `iphone_goods_info` [ RunTime:0.0000s ]
SQL: select * from iphone_goods_info [ RunTime:0.0010s ]
SQL: select * from iphone_goods_info order by sellnum desc limit 0,4 [ RunTime:0.0000s ]
INFO: [ view_parse ] --START--
INFO: [ template_filter ] --START--
INFO: Run Behavior\ContentReplaceBehavior [ RunTime:0.000976s ]
INFO: [ template_filter ] --END-- [ RunTime:0.000976s ]
NOTIC: [8] Use of undefined constant id - assumed 'id' C:\code\lutp\Application\Runtime\Cache\Home\2a94b8bda04ff446dcedd42276fc99ee.php 第 646 行.
NOTIC: [8] Use of undefined constant id - assumed 'id' C:\code\lutp\Application\Runtime\Cache\Home\2a94b8bda04ff446dcedd42276fc99ee.php 第 646 行.
NOTIC: [8] Use of undefined constant id - assumed 'id' C:\code\lutp\Application\Runtime\Cache\Home\2a94b8bda04ff446dcedd42276fc99ee.php 第 646 行.
NOTIC: [8] Use of undefined constant id - assumed 'id' C:\code\lutp\Application\Runtime\Cache\Home\2a94b8bda04ff446dcedd42276fc99ee.php 第 646 行.
INFO: Run Behavior\ParseTemplateBehavior [ RunTime:0.038072s ]
INFO: [ view_parse ] --END-- [ RunTime:0.038072s ]
INFO: [ view_filter ] --START--
INFO: Run Behavior\WriteHtmlCacheBehavior [ RunTime:0.000976s ]
INFO: [ view_filter ] --END-- [ RunTime:0.000976s ]
INFO: [ app_end ] --START--
INFO: Run Behavior\ShowPageTraceBehavior [ RunTime:0.000976s ]
INFO: [ app_end ] --END-- [ RunTime:0.000976s ]

