[ 2017-12-11T14:19:39+08:00 ] 164.132.91.1 /lutp/
INFO: [ app_init ] --START--
INFO: Run Behavior\BuildLiteBehavior [ RunTime:0.000000s ]
INFO: [ app_init ] --END-- [ RunTime:0.000000s ]
INFO: [ app_begin ] --START--
INFO: Run Behavior\ReadHtmlCacheBehavior [ RunTime:0.000000s ]
INFO: [ app_begin ] --END-- [ RunTime:0.000000s ]
SQL: SHOW COLUMNS FROM `iphone_goods_info` [ RunTime:0.0000s ]
SQL: select * from iphone_goods_info [ RunTime:0.0000s ]
SQL: select * from iphone_goods_info order by sellnum desc limit 0,4 [ RunTime:0.0000s ]
INFO: [ view_parse ] --START--
INFO: [ template_filter ] --START--
INFO: Run Behavior\ContentReplaceBehavior [ RunTime:0.015625s ]
INFO: [ template_filter ] --END-- [ RunTime:0.015625s ]
NOTIC: [8] Use of undefined constant id - assumed 'id' C:\code\lutp\Application\Runtime\Cache\Home\2a94b8bda04ff446dcedd42276fc99ee.php 第 646 行.
NOTIC: [8] Use of undefined constant id - assumed 'id' C:\code\lutp\Application\Runtime\Cache\Home\2a94b8bda04ff446dcedd42276fc99ee.php 第 646 行.
NOTIC: [8] Use of undefined constant id - assumed 'id' C:\code\lutp\Application\Runtime\Cache\Home\2a94b8bda04ff446dcedd42276fc99ee.php 第 646 行.
NOTIC: [8] Use of undefined constant id - assumed 'id' C:\code\lutp\Application\Runtime\Cache\Home\2a94b8bda04ff446dcedd42276fc99ee.php 第 646 行.
INFO: Run Behavior\ParseTemplateBehavior [ RunTime:0.046875s ]
INFO: [ view_parse ] --END-- [ RunTime:0.046875s ]
INFO: [ view_filter ] --START--
INFO: Run Behavior\WriteHtmlCacheBehavior [ RunTime:0.000000s ]
INFO: [ view_filter ] --END-- [ RunTime:0.000000s ]
INFO: [ app_end ] --START--
INFO: Run Behavior\ShowPageTraceBehavior [ RunTime:0.000000s ]
INFO: [ app_end ] --END-- [ RunTime:0.000000s ]

[ 2017-12-11T14:29:48+08:00 ] 140.207.54.79 /index.php/Home/Weixin/index?signature=e83861e2d8a737a657a794b76547717a8bc33632&timestamp=1512973788&nonce=402481419&openid=oWpmw1DT78u__RCFQ0PaKndgGoec
INFO: [ app_init ] --START--
INFO: Run Behavior\BuildLiteBehavior [ RunTime:0.000000s ]
INFO: [ app_init ] --END-- [ RunTime:0.000000s ]
INFO: [ app_begin ] --START--
INFO: Run Behavior\ReadHtmlCacheBehavior [ RunTime:0.000000s ]
INFO: [ app_begin ] --END-- [ RunTime:0.000000s ]
NOTIC: [2] session_start(): Cannot send session cookie - headers already sent C:\code\lutp\ThinkPHP\Common\functions.php 第 1263 行.
NOTIC: [2] session_start(): Cannot send session cache limiter - headers already sent C:\code\lutp\ThinkPHP\Common\functions.php 第 1263 行.
INFO: [ app_end ] --START--
INFO: Run Behavior\ShowPageTraceBehavior [ RunTime:0.000000s ]
INFO: [ app_end ] --END-- [ RunTime:0.000000s ]

[ 2017-12-11T14:29:48+08:00 ] 101.226.233.144 /index.php/Home/Lu/login.html
INFO: [ app_init ] --START--
INFO: Run Behavior\BuildLiteBehavior [ RunTime:0.000000s ]
INFO: [ app_init ] --END-- [ RunTime:0.000000s ]
INFO: [ app_begin ] --START--
INFO: Run Behavior\ReadHtmlCacheBehavior [ RunTime:0.000000s ]
INFO: [ app_begin ] --END-- [ RunTime:0.000000s ]
INFO: [ view_parse ] --START--
INFO: [ template_filter ] --START--
INFO: Run Behavior\ContentReplaceBehavior [ RunTime:0.000000s ]
INFO: [ template_filter ] --END-- [ RunTime:0.000000s ]
INFO: Run Behavior\ParseTemplateBehavior [ RunTime:0.015625s ]
INFO: [ view_parse ] --END-- [ RunTime:0.015625s ]
INFO: [ view_filter ] --START--
INFO: Run Behavior\WriteHtmlCacheBehavior [ RunTime:0.000000s ]
INFO: [ view_filter ] --END-- [ RunTime:0.000000s ]
INFO: [ app_end ] --START--
INFO: Run Behavior\ShowPageTraceBehavior [ RunTime:0.000000s ]
INFO: [ app_end ] --END-- [ RunTime:0.000000s ]

[ 2017-12-11T14:29:49+08:00 ] 123.151.77.70 /index.php/Home/Lu/login.html
INFO: [ app_init ] --START--
INFO: Run Behavior\BuildLiteBehavior [ RunTime:0.000000s ]
INFO: [ app_init ] --END-- [ RunTime:0.000000s ]
INFO: [ app_begin ] --START--
INFO: Run Behavior\ReadHtmlCacheBehavior [ RunTime:0.000000s ]
INFO: [ app_begin ] --END-- [ RunTime:0.000000s ]
INFO: [ view_parse ] --START--
INFO: [ template_filter ] --START--
INFO: Run Behavior\ContentReplaceBehavior [ RunTime:0.000000s ]
INFO: [ template_filter ] --END-- [ RunTime:0.000000s ]
INFO: Run Behavior\ParseTemplateBehavior [ RunTime:0.015625s ]
INFO: [ view_parse ] --END-- [ RunTime:0.015625s ]
INFO: [ view_filter ] --START--
INFO: Run Behavior\WriteHtmlCacheBehavior [ RunTime:0.000000s ]
INFO: [ view_filter ] --END-- [ RunTime:0.000000s ]
INFO: [ app_end ] --START--
INFO: Run Behavior\ShowPageTraceBehavior [ RunTime:0.000000s ]
INFO: [ app_end ] --END-- [ RunTime:0.000000s ]

[ 2017-12-11T14:29:55+08:00 ] 111.30.142.233 /
INFO: [ app_init ] --START--
INFO: Run Behavior\BuildLiteBehavior [ RunTime:0.000000s ]
INFO: [ app_init ] --END-- [ RunTime:0.000000s ]
INFO: [ app_begin ] --START--
INFO: Run Behavior\ReadHtmlCacheBehavior [ RunTime:0.000000s ]
INFO: [ app_begin ] --END-- [ RunTime:0.000000s ]
SQL: SHOW COLUMNS FROM `iphone_goods_info` [ RunTime:0.0000s ]
SQL: select * from iphone_goods_info [ RunTime:0.0000s ]
SQL: select * from iphone_goods_info order by sellnum desc limit 0,4 [ RunTime:0.0000s ]
INFO: [ view_parse ] --START--
INFO: [ template_filter ] --START--
INFO: Run Behavior\ContentReplaceBehavior [ RunTime:0.000000s ]
INFO: [ template_filter ] --END-- [ RunTime:0.000000s ]
NOTIC: [8] Use of undefined constant id - assumed 'id' C:\code\lutp\Application\Runtime\Cache\Home\2a94b8bda04ff446dcedd42276fc99ee.php 第 646 行.
NOTIC: [8] Use of undefined constant id - assumed 'id' C:\code\lutp\Application\Runtime\Cache\Home\2a94b8bda04ff446dcedd42276fc99ee.php 第 646 行.
NOTIC: [8] Use of undefined constant id - assumed 'id' C:\code\lutp\Application\Runtime\Cache\Home\2a94b8bda04ff446dcedd42276fc99ee.php 第 646 行.
NOTIC: [8] Use of undefined constant id - assumed 'id' C:\code\lutp\Application\Runtime\Cache\Home\2a94b8bda04ff446dcedd42276fc99ee.php 第 646 行.
INFO: Run Behavior\ParseTemplateBehavior [ RunTime:0.015625s ]
INFO: [ view_parse ] --END-- [ RunTime:0.015625s ]
INFO: [ view_filter ] --START--
INFO: Run Behavior\WriteHtmlCacheBehavior [ RunTime:0.000000s ]
INFO: [ view_filter ] --END-- [ RunTime:0.000000s ]
INFO: [ app_end ] --START--
INFO: Run Behavior\ShowPageTraceBehavior [ RunTime:0.000000s ]
INFO: [ app_end ] --END-- [ RunTime:0.000000s ]

[ 2017-12-11T14:29:55+08:00 ] 140.207.54.79 /index.php/Home/Weixin/index?signature=153a34c5b8f4c3f7ca63f94dc661fa8341b96811&timestamp=1512973794&nonce=563445257&openid=oWpmw1DT78u__RCFQ0PaKndgGoec
INFO: [ app_init ] --START--
INFO: Run Behavior\BuildLiteBehavior [ RunTime:0.000000s ]
INFO: [ app_init ] --END-- [ RunTime:0.000000s ]
INFO: [ app_begin ] --START--
INFO: Run Behavior\ReadHtmlCacheBehavior [ RunTime:0.000000s ]
INFO: [ app_begin ] --END-- [ RunTime:0.000000s ]
NOTIC: [2] session_start(): Cannot send session cookie - headers already sent C:\code\lutp\ThinkPHP\Common\functions.php 第 1263 行.
NOTIC: [2] session_start(): Cannot send session cache limiter - headers already sent C:\code\lutp\ThinkPHP\Common\functions.php 第 1263 行.
INFO: [ app_end ] --START--
INFO: Run Behavior\ShowPageTraceBehavior [ RunTime:0.000000s ]
INFO: [ app_end ] --END-- [ RunTime:0.000000s ]

[ 2017-12-11T14:29:55+08:00 ] 123.151.77.70 /index.php/Home/Lu/login.html
INFO: [ app_init ] --START--
INFO: Run Behavior\BuildLiteBehavior [ RunTime:0.000000s ]
INFO: [ app_init ] --END-- [ RunTime:0.000000s ]
INFO: [ app_begin ] --START--
INFO: Run Behavior\ReadHtmlCacheBehavior [ RunTime:0.000000s ]
INFO: [ app_begin ] --END-- [ RunTime:0.000000s ]
INFO: [ view_parse ] --START--
INFO: [ template_filter ] --START--
INFO: Run Behavior\ContentReplaceBehavior [ RunTime:0.000000s ]
INFO: [ template_filter ] --END-- [ RunTime:0.000000s ]
INFO: Run Behavior\ParseTemplateBehavior [ RunTime:0.031250s ]
INFO: [ view_parse ] --END-- [ RunTime:0.031250s ]
INFO: [ view_filter ] --START--
INFO: Run Behavior\WriteHtmlCacheBehavior [ RunTime:0.000000s ]
INFO: [ view_filter ] --END-- [ RunTime:0.000000s ]
INFO: [ app_end ] --START--
INFO: Run Behavior\ShowPageTraceBehavior [ RunTime:0.000000s ]
INFO: [ app_end ] --END-- [ RunTime:0.000000s ]

[ 2017-12-11T14:29:55+08:00 ] 111.30.142.78 /
INFO: [ app_init ] --START--
INFO: Run Behavior\BuildLiteBehavior [ RunTime:0.000000s ]
INFO: [ app_init ] --END-- [ RunTime:0.000000s ]
INFO: [ app_begin ] --START--
INFO: Run Behavior\ReadHtmlCacheBehavior [ RunTime:0.000000s ]
INFO: [ app_begin ] --END-- [ RunTime:0.000000s ]
SQL: SHOW COLUMNS FROM `iphone_goods_info` [ RunTime:0.0000s ]
SQL: select * from iphone_goods_info [ RunTime:0.0000s ]
SQL: select * from iphone_goods_info order by sellnum desc limit 0,4 [ RunTime:0.0000s ]
INFO: [ view_parse ] --START--
INFO: [ template_filter ] --START--
INFO: Run Behavior\ContentReplaceBehavior [ RunTime:0.000000s ]
INFO: [ template_filter ] --END-- [ RunTime:0.000000s ]
NOTIC: [8] Use of undefined constant id - assumed 'id' C:\code\lutp\Application\Runtime\Cache\Home\2a94b8bda04ff446dcedd42276fc99ee.php 第 646 行.
NOTIC: [8] Use of undefined constant id - assumed 'id' C:\code\lutp\Application\Runtime\Cache\Home\2a94b8bda04ff446dcedd42276fc99ee.php 第 646 行.
NOTIC: [8] Use of undefined constant id - assumed 'id' C:\code\lutp\Application\Runtime\Cache\Home\2a94b8bda04ff446dcedd42276fc99ee.php 第 646 行.
NOTIC: [8] Use of undefined constant id - assumed 'id' C:\code\lutp\Application\Runtime\Cache\Home\2a94b8bda04ff446dcedd42276fc99ee.php 第 646 行.
INFO: Run Behavior\ParseTemplateBehavior [ RunTime:0.031250s ]
INFO: [ view_parse ] --END-- [ RunTime:0.031250s ]
INFO: [ view_filter ] --START--
INFO: Run Behavior\WriteHtmlCacheBehavior [ RunTime:0.000000s ]
INFO: [ view_filter ] --END-- [ RunTime:0.000000s ]
INFO: [ app_end ] --START--
INFO: Run Behavior\ShowPageTraceBehavior [ RunTime:0.000000s ]
INFO: [ app_end ] --END-- [ RunTime:0.000000s ]

[ 2017-12-11T14:29:56+08:00 ] 125.39.132.92 /
INFO: [ app_init ] --START--
INFO: Run Behavior\BuildLiteBehavior [ RunTime:0.000000s ]
INFO: [ app_init ] --END-- [ RunTime:0.000000s ]
INFO: [ app_begin ] --START--
INFO: Run Behavior\ReadHtmlCacheBehavior [ RunTime:0.000000s ]
INFO: [ app_begin ] --END-- [ RunTime:0.000000s ]
SQL: SHOW COLUMNS FROM `iphone_goods_info` [ RunTime:0.0000s ]
SQL: select * from iphone_goods_info [ RunTime:0.0000s ]
SQL: select * from iphone_goods_info order by sellnum desc limit 0,4 [ RunTime:0.0000s ]
INFO: [ view_parse ] --START--
INFO: [ template_filter ] --START--
INFO: Run Behavior\ContentReplaceBehavior [ RunTime:0.000000s ]
INFO: [ template_filter ] --END-- [ RunTime:0.000000s ]
NOTIC: [8] Use of undefined constant id - assumed 'id' C:\code\lutp\Application\Runtime\Cache\Home\2a94b8bda04ff446dcedd42276fc99ee.php 第 646 行.
NOTIC: [8] Use of undefined constant id - assumed 'id' C:\code\lutp\Application\Runtime\Cache\Home\2a94b8bda04ff446dcedd42276fc99ee.php 第 646 行.
NOTIC: [8] Use of undefined constant id - assumed 'id' C:\code\lutp\Application\Runtime\Cache\Home\2a94b8bda04ff446dcedd42276fc99ee.php 第 646 行.
NOTIC: [8] Use of undefined constant id - assumed 'id' C:\code\lutp\Application\Runtime\Cache\Home\2a94b8bda04ff446dcedd42276fc99ee.php 第 646 行.
INFO: Run Behavior\ParseTemplateBehavior [ RunTime:0.031250s ]
INFO: [ view_parse ] --END-- [ RunTime:0.031250s ]
INFO: [ view_filter ] --START--
INFO: Run Behavior\WriteHtmlCacheBehavior [ RunTime:0.000000s ]
INFO: [ view_filter ] --END-- [ RunTime:0.000000s ]
INFO: [ app_end ] --START--
INFO: Run Behavior\ShowPageTraceBehavior [ RunTime:0.000000s ]
INFO: [ app_end ] --END-- [ RunTime:0.000000s ]

[ 2017-12-11T14:29:57+08:00 ] 111.30.142.78 /
INFO: [ app_init ] --START--
INFO: Run Behavior\BuildLiteBehavior [ RunTime:0.000000s ]
INFO: [ app_init ] --END-- [ RunTime:0.000000s ]
INFO: [ app_begin ] --START--
INFO: Run Behavior\ReadHtmlCacheBehavior [ RunTime:0.000000s ]
INFO: [ app_begin ] --END-- [ RunTime:0.000000s ]
SQL: SHOW COLUMNS FROM `iphone_goods_info` [ RunTime:0.0000s ]
SQL: select * from iphone_goods_info [ RunTime:0.0000s ]
SQL: select * from iphone_goods_info order by sellnum desc limit 0,4 [ RunTime:0.0000s ]
INFO: [ view_parse ] --START--
INFO: [ template_filter ] --START--
INFO: Run Behavior\ContentReplaceBehavior [ RunTime:0.000000s ]
INFO: [ template_filter ] --END-- [ RunTime:0.000000s ]
NOTIC: [8] Use of undefined constant id - assumed 'id' C:\code\lutp\Application\Runtime\Cache\Home\2a94b8bda04ff446dcedd42276fc99ee.php 第 646 行.
NOTIC: [8] Use of undefined constant id - assumed 'id' C:\code\lutp\Application\Runtime\Cache\Home\2a94b8bda04ff446dcedd42276fc99ee.php 第 646 行.
NOTIC: [8] Use of undefined constant id - assumed 'id' C:\code\lutp\Application\Runtime\Cache\Home\2a94b8bda04ff446dcedd42276fc99ee.php 第 646 行.
NOTIC: [8] Use of undefined constant id - assumed 'id' C:\code\lutp\Application\Runtime\Cache\Home\2a94b8bda04ff446dcedd42276fc99ee.php 第 646 行.
INFO: Run Behavior\ParseTemplateBehavior [ RunTime:0.031250s ]
INFO: [ view_parse ] --END-- [ RunTime:0.031250s ]
INFO: [ view_filter ] --START--
INFO: Run Behavior\WriteHtmlCacheBehavior [ RunTime:0.000000s ]
INFO: [ view_filter ] --END-- [ RunTime:0.000000s ]
INFO: [ app_end ] --START--
INFO: Run Behavior\ShowPageTraceBehavior [ RunTime:0.000000s ]
INFO: [ app_end ] --END-- [ RunTime:0.000000s ]

[ 2017-12-11T14:29:57+08:00 ] 111.30.142.252 /
INFO: [ app_init ] --START--
INFO: Run Behavior\BuildLiteBehavior [ RunTime:0.000000s ]
INFO: [ app_init ] --END-- [ RunTime:0.000000s ]
INFO: [ app_begin ] --START--
INFO: Run Behavior\ReadHtmlCacheBehavior [ RunTime:0.000000s ]
INFO: [ app_begin ] --END-- [ RunTime:0.000000s ]
SQL: SHOW COLUMNS FROM `iphone_goods_info` [ RunTime:0.0000s ]
SQL: select * from iphone_goods_info [ RunTime:0.0000s ]
SQL: select * from iphone_goods_info order by sellnum desc limit 0,4 [ RunTime:0.0000s ]
INFO: [ view_parse ] --START--
INFO: [ template_filter ] --START--
INFO: Run Behavior\ContentReplaceBehavior [ RunTime:0.000000s ]
INFO: [ template_filter ] --END-- [ RunTime:0.000000s ]
NOTIC: [8] Use of undefined constant id - assumed 'id' C:\code\lutp\Application\Runtime\Cache\Home\2a94b8bda04ff446dcedd42276fc99ee.php 第 646 行.
NOTIC: [8] Use of undefined constant id - assumed 'id' C:\code\lutp\Application\Runtime\Cache\Home\2a94b8bda04ff446dcedd42276fc99ee.php 第 646 行.
NOTIC: [8] Use of undefined constant id - assumed 'id' C:\code\lutp\Application\Runtime\Cache\Home\2a94b8bda04ff446dcedd42276fc99ee.php 第 646 行.
NOTIC: [8] Use of undefined constant id - assumed 'id' C:\code\lutp\Application\Runtime\Cache\Home\2a94b8bda04ff446dcedd42276fc99ee.php 第 646 行.
INFO: Run Behavior\ParseTemplateBehavior [ RunTime:0.031250s ]
INFO: [ view_parse ] --END-- [ RunTime:0.031250s ]
INFO: [ view_filter ] --START--
INFO: Run Behavior\WriteHtmlCacheBehavior [ RunTime:0.000000s ]
INFO: [ view_filter ] --END-- [ RunTime:0.000000s ]
INFO: [ app_end ] --START--
INFO: Run Behavior\ShowPageTraceBehavior [ RunTime:0.000000s ]
INFO: [ app_end ] --END-- [ RunTime:0.000000s ]

[ 2017-12-11T14:29:57+08:00 ] 125.39.45.236 /
INFO: [ app_init ] --START--
INFO: Run Behavior\BuildLiteBehavior [ RunTime:0.000000s ]
INFO: [ app_init ] --END-- [ RunTime:0.000000s ]
INFO: [ app_begin ] --START--
INFO: Run Behavior\ReadHtmlCacheBehavior [ RunTime:0.000000s ]
INFO: [ app_begin ] --END-- [ RunTime:0.000000s ]
SQL: SHOW COLUMNS FROM `iphone_goods_info` [ RunTime:0.0000s ]
SQL: select * from iphone_goods_info [ RunTime:0.0000s ]
SQL: select * from iphone_goods_info order by sellnum desc limit 0,4 [ RunTime:0.0000s ]
INFO: [ view_parse ] --START--
INFO: [ template_filter ] --START--
INFO: Run Behavior\ContentReplaceBehavior [ RunTime:0.000000s ]
INFO: [ template_filter ] --END-- [ RunTime:0.000000s ]
NOTIC: [8] Use of undefined constant id - assumed 'id' C:\code\lutp\Application\Runtime\Cache\Home\2a94b8bda04ff446dcedd42276fc99ee.php 第 646 行.
NOTIC: [8] Use of undefined constant id - assumed 'id' C:\code\lutp\Application\Runtime\Cache\Home\2a94b8bda04ff446dcedd42276fc99ee.php 第 646 行.
NOTIC: [8] Use of undefined constant id - assumed 'id' C:\code\lutp\Application\Runtime\Cache\Home\2a94b8bda04ff446dcedd42276fc99ee.php 第 646 行.
NOTIC: [8] Use of undefined constant id - assumed 'id' C:\code\lutp\Application\Runtime\Cache\Home\2a94b8bda04ff446dcedd42276fc99ee.php 第 646 行.
INFO: Run Behavior\ParseTemplateBehavior [ RunTime:0.031250s ]
INFO: [ view_parse ] --END-- [ RunTime:0.031250s ]
INFO: [ view_filter ] --START--
INFO: Run Behavior\WriteHtmlCacheBehavior [ RunTime:0.000000s ]
INFO: [ view_filter ] --END-- [ RunTime:0.000000s ]
INFO: [ app_end ] --START--
INFO: Run Behavior\ShowPageTraceBehavior [ RunTime:0.000000s ]
INFO: [ app_end ] --END-- [ RunTime:0.000000s ]

[ 2017-12-11T14:29:57+08:00 ] 111.30.142.227 /
INFO: [ app_init ] --START--
INFO: Run Behavior\BuildLiteBehavior [ RunTime:0.000000s ]
INFO: [ app_init ] --END-- [ RunTime:0.000000s ]
INFO: [ app_begin ] --START--
INFO: Run Behavior\ReadHtmlCacheBehavior [ RunTime:0.000000s ]
INFO: [ app_begin ] --END-- [ RunTime:0.000000s ]
SQL: SHOW COLUMNS FROM `iphone_goods_info` [ RunTime:0.0000s ]
SQL: select * from iphone_goods_info [ RunTime:0.0000s ]
SQL: select * from iphone_goods_info order by sellnum desc limit 0,4 [ RunTime:0.0000s ]
INFO: [ view_parse ] --START--
INFO: [ template_filter ] --START--
INFO: Run Behavior\ContentReplaceBehavior [ RunTime:0.000000s ]
INFO: [ template_filter ] --END-- [ RunTime:0.000000s ]
NOTIC: [8] Use of undefined constant id - assumed 'id' C:\code\lutp\Application\Runtime\Cache\Home\2a94b8bda04ff446dcedd42276fc99ee.php 第 646 行.
NOTIC: [8] Use of undefined constant id - assumed 'id' C:\code\lutp\Application\Runtime\Cache\Home\2a94b8bda04ff446dcedd42276fc99ee.php 第 646 行.
NOTIC: [8] Use of undefined constant id - assumed 'id' C:\code\lutp\Application\Runtime\Cache\Home\2a94b8bda04ff446dcedd42276fc99ee.php 第 646 行.
NOTIC: [8] Use of undefined constant id - assumed 'id' C:\code\lutp\Application\Runtime\Cache\Home\2a94b8bda04ff446dcedd42276fc99ee.php 第 646 行.
INFO: Run Behavior\ParseTemplateBehavior [ RunTime:0.031250s ]
INFO: [ view_parse ] --END-- [ RunTime:0.031250s ]
INFO: [ view_filter ] --START--
INFO: Run Behavior\WriteHtmlCacheBehavior [ RunTime:0.000000s ]
INFO: [ view_filter ] --END-- [ RunTime:0.000000s ]
INFO: [ app_end ] --START--
INFO: Run Behavior\ShowPageTraceBehavior [ RunTime:0.000000s ]
INFO: [ app_end ] --END-- [ RunTime:0.000000s ]

[ 2017-12-11T14:29:58+08:00 ] 125.39.132.92 /
INFO: [ app_init ] --START--
INFO: Run Behavior\BuildLiteBehavior [ RunTime:0.000000s ]
INFO: [ app_init ] --END-- [ RunTime:0.000000s ]
INFO: [ app_begin ] --START--
INFO: Run Behavior\ReadHtmlCacheBehavior [ RunTime:0.000000s ]
INFO: [ app_begin ] --END-- [ RunTime:0.000000s ]
SQL: SHOW COLUMNS FROM `iphone_goods_info` [ RunTime:0.0000s ]
SQL: select * from iphone_goods_info [ RunTime:0.0000s ]
SQL: select * from iphone_goods_info order by sellnum desc limit 0,4 [ RunTime:0.0000s ]
INFO: [ view_parse ] --START--
INFO: [ template_filter ] --START--
INFO: Run Behavior\ContentReplaceBehavior [ RunTime:0.000000s ]
INFO: [ template_filter ] --END-- [ RunTime:0.000000s ]
NOTIC: [8] Use of undefined constant id - assumed 'id' C:\code\lutp\Application\Runtime\Cache\Home\2a94b8bda04ff446dcedd42276fc99ee.php 第 646 行.
NOTIC: [8] Use of undefined constant id - assumed 'id' C:\code\lutp\Application\Runtime\Cache\Home\2a94b8bda04ff446dcedd42276fc99ee.php 第 646 行.
NOTIC: [8] Use of undefined constant id - assumed 'id' C:\code\lutp\Application\Runtime\Cache\Home\2a94b8bda04ff446dcedd42276fc99ee.php 第 646 行.
NOTIC: [8] Use of undefined constant id - assumed 'id' C:\code\lutp\Application\Runtime\Cache\Home\2a94b8bda04ff446dcedd42276fc99ee.php 第 646 行.
INFO: Run Behavior\ParseTemplateBehavior [ RunTime:0.031250s ]
INFO: [ view_parse ] --END-- [ RunTime:0.031250s ]
INFO: [ view_filter ] --START--
INFO: Run Behavior\WriteHtmlCacheBehavior [ RunTime:0.000000s ]
INFO: [ view_filter ] --END-- [ RunTime:0.000000s ]
INFO: [ app_end ] --START--
INFO: Run Behavior\ShowPageTraceBehavior [ RunTime:0.000000s ]
INFO: [ app_end ] --END-- [ RunTime:0.000000s ]

[ 2017-12-11T14:29:58+08:00 ] 120.204.17.73 /index.php/Home/Lu/login.html
INFO: [ app_init ] --START--
INFO: Run Behavior\BuildLiteBehavior [ RunTime:0.000000s ]
INFO: [ app_init ] --END-- [ RunTime:0.000000s ]
INFO: [ app_begin ] --START--
INFO: Run Behavior\ReadHtmlCacheBehavior [ RunTime:0.000000s ]
INFO: [ app_begin ] --END-- [ RunTime:0.000000s ]
INFO: [ view_parse ] --START--
INFO: [ template_filter ] --START--
INFO: Run Behavior\ContentReplaceBehavior [ RunTime:0.000000s ]
INFO: [ template_filter ] --END-- [ RunTime:0.000000s ]
INFO: Run Behavior\ParseTemplateBehavior [ RunTime:0.015625s ]
INFO: [ view_parse ] --END-- [ RunTime:0.015625s ]
INFO: [ view_filter ] --START--
INFO: Run Behavior\WriteHtmlCacheBehavior [ RunTime:0.000000s ]
INFO: [ view_filter ] --END-- [ RunTime:0.000000s ]
INFO: [ app_end ] --START--
INFO: Run Behavior\ShowPageTraceBehavior [ RunTime:0.000000s ]
INFO: [ app_end ] --END-- [ RunTime:0.000000s ]

[ 2017-12-11T14:30:00+08:00 ] 111.30.142.78 /
INFO: [ app_init ] --START--
INFO: Run Behavior\BuildLiteBehavior [ RunTime:0.000000s ]
INFO: [ app_init ] --END-- [ RunTime:0.015625s ]
INFO: [ app_begin ] --START--
INFO: Run Behavior\ReadHtmlCacheBehavior [ RunTime:0.000000s ]
INFO: [ app_begin ] --END-- [ RunTime:0.000000s ]
SQL: SHOW COLUMNS FROM `iphone_goods_info` [ RunTime:0.0000s ]
SQL: select * from iphone_goods_info [ RunTime:0.0000s ]
SQL: select * from iphone_goods_info order by sellnum desc limit 0,4 [ RunTime:0.0000s ]
INFO: [ view_parse ] --START--
INFO: [ template_filter ] --START--
INFO: Run Behavior\ContentReplaceBehavior [ RunTime:0.000000s ]
INFO: [ template_filter ] --END-- [ RunTime:0.000000s ]
NOTIC: [8] Use of undefined constant id - assumed 'id' C:\code\lutp\Application\Runtime\Cache\Home\2a94b8bda04ff446dcedd42276fc99ee.php 第 646 行.
NOTIC: [8] Use of undefined constant id - assumed 'id' C:\code\lutp\Application\Runtime\Cache\Home\2a94b8bda04ff446dcedd42276fc99ee.php 第 646 行.
NOTIC: [8] Use of undefined constant id - assumed 'id' C:\code\lutp\Application\Runtime\Cache\Home\2a94b8bda04ff446dcedd42276fc99ee.php 第 646 行.
NOTIC: [8] Use of undefined constant id - assumed 'id' C:\code\lutp\Application\Runtime\Cache\Home\2a94b8bda04ff446dcedd42276fc99ee.php 第 646 行.
INFO: Run Behavior\ParseTemplateBehavior [ RunTime:0.031250s ]
INFO: [ view_parse ] --END-- [ RunTime:0.031250s ]
INFO: [ view_filter ] --START--
INFO: Run Behavior\WriteHtmlCacheBehavior [ RunTime:0.000000s ]
INFO: [ view_filter ] --END-- [ RunTime:0.000000s ]
INFO: [ app_end ] --START--
INFO: Run Behavior\ShowPageTraceBehavior [ RunTime:0.000000s ]
INFO: [ app_end ] --END-- [ RunTime:0.000000s ]

[ 2017-12-11T14:30:00+08:00 ] 125.39.132.70 /
INFO: [ app_init ] --START--
INFO: Run Behavior\BuildLiteBehavior [ RunTime:0.000000s ]
INFO: [ app_init ] --END-- [ RunTime:0.000000s ]
INFO: [ app_begin ] --START--
INFO: Run Behavior\ReadHtmlCacheBehavior [ RunTime:0.000000s ]
INFO: [ app_begin ] --END-- [ RunTime:0.000000s ]
SQL: SHOW COLUMNS FROM `iphone_goods_info` [ RunTime:0.0000s ]
SQL: select * from iphone_goods_info [ RunTime:0.0000s ]
SQL: select * from iphone_goods_info order by sellnum desc limit 0,4 [ RunTime:0.0000s ]
INFO: [ view_parse ] --START--
INFO: [ template_filter ] --START--
INFO: Run Behavior\ContentReplaceBehavior [ RunTime:0.000000s ]
INFO: [ template_filter ] --END-- [ RunTime:0.000000s ]
NOTIC: [8] Use of undefined constant id - assumed 'id' C:\code\lutp\Application\Runtime\Cache\Home\2a94b8bda04ff446dcedd42276fc99ee.php 第 646 行.
NOTIC: [8] Use of undefined constant id - assumed 'id' C:\code\lutp\Application\Runtime\Cache\Home\2a94b8bda04ff446dcedd42276fc99ee.php 第 646 行.
NOTIC: [8] Use of undefined constant id - assumed 'id' C:\code\lutp\Application\Runtime\Cache\Home\2a94b8bda04ff446dcedd42276fc99ee.php 第 646 行.
NOTIC: [8] Use of undefined constant id - assumed 'id' C:\code\lutp\Application\Runtime\Cache\Home\2a94b8bda04ff446dcedd42276fc99ee.php 第 646 行.
INFO: Run Behavior\ParseTemplateBehavior [ RunTime:0.031250s ]
INFO: [ view_parse ] --END-- [ RunTime:0.031250s ]
INFO: [ view_filter ] --START--
INFO: Run Behavior\WriteHtmlCacheBehavior [ RunTime:0.000000s ]
INFO: [ view_filter ] --END-- [ RunTime:0.000000s ]
INFO: [ app_end ] --START--
INFO: Run Behavior\ShowPageTraceBehavior [ RunTime:0.000000s ]
INFO: [ app_end ] --END-- [ RunTime:0.000000s ]

[ 2017-12-11T14:30:00+08:00 ] 111.30.142.252 /
INFO: [ app_init ] --START--
INFO: Run Behavior\BuildLiteBehavior [ RunTime:0.000000s ]
INFO: [ app_init ] --END-- [ RunTime:0.000000s ]
INFO: [ app_begin ] --START--
INFO: Run Behavior\ReadHtmlCacheBehavior [ RunTime:0.000000s ]
INFO: [ app_begin ] --END-- [ RunTime:0.000000s ]
SQL: SHOW COLUMNS FROM `iphone_goods_info` [ RunTime:0.0000s ]
SQL: select * from iphone_goods_info [ RunTime:0.0000s ]
SQL: select * from iphone_goods_info order by sellnum desc limit 0,4 [ RunTime:0.0156s ]
INFO: [ view_parse ] --START--
INFO: [ template_filter ] --START--
INFO: Run Behavior\ContentReplaceBehavior [ RunTime:0.000000s ]
INFO: [ template_filter ] --END-- [ RunTime:0.000000s ]
NOTIC: [8] Use of undefined constant id - assumed 'id' C:\code\lutp\Application\Runtime\Cache\Home\2a94b8bda04ff446dcedd42276fc99ee.php 第 646 行.
NOTIC: [8] Use of undefined constant id - assumed 'id' C:\code\lutp\Application\Runtime\Cache\Home\2a94b8bda04ff446dcedd42276fc99ee.php 第 646 行.
NOTIC: [8] Use of undefined constant id - assumed 'id' C:\code\lutp\Application\Runtime\Cache\Home\2a94b8bda04ff446dcedd42276fc99ee.php 第 646 行.
NOTIC: [8] Use of undefined constant id - assumed 'id' C:\code\lutp\Application\Runtime\Cache\Home\2a94b8bda04ff446dcedd42276fc99ee.php 第 646 行.
INFO: Run Behavior\ParseTemplateBehavior [ RunTime:0.015625s ]
INFO: [ view_parse ] --END-- [ RunTime:0.015625s ]
INFO: [ view_filter ] --START--
INFO: Run Behavior\WriteHtmlCacheBehavior [ RunTime:0.000000s ]
INFO: [ view_filter ] --END-- [ RunTime:0.000000s ]
INFO: [ app_end ] --START--
INFO: Run Behavior\ShowPageTraceBehavior [ RunTime:0.000000s ]
INFO: [ app_end ] --END-- [ RunTime:0.000000s ]

[ 2017-12-11T14:30:01+08:00 ] 111.30.142.78 /
INFO: [ app_init ] --START--
INFO: Run Behavior\BuildLiteBehavior [ RunTime:0.000000s ]
INFO: [ app_init ] --END-- [ RunTime:0.000000s ]
INFO: [ app_begin ] --START--
INFO: Run Behavior\ReadHtmlCacheBehavior [ RunTime:0.000000s ]
INFO: [ app_begin ] --END-- [ RunTime:0.000000s ]
SQL: SHOW COLUMNS FROM `iphone_goods_info` [ RunTime:0.0000s ]
SQL: select * from iphone_goods_info [ RunTime:0.0000s ]
SQL: select * from iphone_goods_info order by sellnum desc limit 0,4 [ RunTime:0.0000s ]
INFO: [ view_parse ] --START--
INFO: [ template_filter ] --START--
INFO: Run Behavior\ContentReplaceBehavior [ RunTime:0.000000s ]
INFO: [ template_filter ] --END-- [ RunTime:0.000000s ]
NOTIC: [8] Use of undefined constant id - assumed 'id' C:\code\lutp\Application\Runtime\Cache\Home\2a94b8bda04ff446dcedd42276fc99ee.php 第 646 行.
NOTIC: [8] Use of undefined constant id - assumed 'id' C:\code\lutp\Application\Runtime\Cache\Home\2a94b8bda04ff446dcedd42276fc99ee.php 第 646 行.
NOTIC: [8] Use of undefined constant id - assumed 'id' C:\code\lutp\Application\Runtime\Cache\Home\2a94b8bda04ff446dcedd42276fc99ee.php 第 646 行.
NOTIC: [8] Use of undefined constant id - assumed 'id' C:\code\lutp\Application\Runtime\Cache\Home\2a94b8bda04ff446dcedd42276fc99ee.php 第 646 行.
INFO: Run Behavior\ParseTemplateBehavior [ RunTime:0.015625s ]
INFO: [ view_parse ] --END-- [ RunTime:0.015625s ]
INFO: [ view_filter ] --START--
INFO: Run Behavior\WriteHtmlCacheBehavior [ RunTime:0.000000s ]
INFO: [ view_filter ] --END-- [ RunTime:0.000000s ]

[ 2017-12-11T14:30:01+08:00 ] 125.39.46.47 /
INFO: [ app_init ] --START--
INFO: Run Behavior\BuildLiteBehavior [ RunTime:0.000000s ]
INFO: [ app_init ] --END-- [ RunTime:0.000000s ]
INFO: [ app_begin ] --START--
INFO: Run Behavior\ReadHtmlCacheBehavior [ RunTime:0.000000s ]
INFO: [ app_begin ] --END-- [ RunTime:0.000000s ]
SQL: SHOW COLUMNS FROM `iphone_goods_info` [ RunTime:0.0000s ]
SQL: select * from iphone_goods_info [ RunTime:0.0000s ]
SQL: select * from iphone_goods_info order by sellnum desc limit 0,4 [ RunTime:0.0000s ]
INFO: [ view_parse ] --START--
INFO: [ template_filter ] --START--
INFO: Run Behavior\ContentReplaceBehavior [ RunTime:0.000000s ]
INFO: [ template_filter ] --END-- [ RunTime:0.000000s ]
NOTIC: [8] Use of undefined constant id - assumed 'id' C:\code\lutp\Application\Runtime\Cache\Home\2a94b8bda04ff446dcedd42276fc99ee.php 第 646 行.
NOTIC: [8] Use of undefined constant id - assumed 'id' C:\code\lutp\Application\Runtime\Cache\Home\2a94b8bda04ff446dcedd42276fc99ee.php 第 646 行.
NOTIC: [8] Use of undefined constant id - assumed 'id' C:\code\lutp\Application\Runtime\Cache\Home\2a94b8bda04ff446dcedd42276fc99ee.php 第 646 行.
NOTIC: [8] Use of undefined constant id - assumed 'id' C:\code\lutp\Application\Runtime\Cache\Home\2a94b8bda04ff446dcedd42276fc99ee.php 第 646 行.
INFO: Run Behavior\ParseTemplateBehavior [ RunTime:0.031250s ]
INFO: [ view_parse ] --END-- [ RunTime:0.031250s ]
INFO: [ view_filter ] --START--
INFO: Run Behavior\WriteHtmlCacheBehavior [ RunTime:0.000000s ]
INFO: [ view_filter ] --END-- [ RunTime:0.000000s ]

[ 2017-12-11T14:30:02+08:00 ] 125.39.132.70 /
INFO: [ app_init ] --START--
INFO: Run Behavior\BuildLiteBehavior [ RunTime:0.000000s ]
INFO: [ app_init ] --END-- [ RunTime:0.000000s ]
INFO: [ app_begin ] --START--
INFO: Run Behavior\ReadHtmlCacheBehavior [ RunTime:0.000000s ]
INFO: [ app_begin ] --END-- [ RunTime:0.000000s ]
SQL: SHOW COLUMNS FROM `iphone_goods_info` [ RunTime:0.0000s ]
SQL: select * from iphone_goods_info [ RunTime:0.0000s ]
SQL: select * from iphone_goods_info order by sellnum desc limit 0,4 [ RunTime:0.0000s ]
INFO: [ view_parse ] --START--
INFO: [ template_filter ] --START--
INFO: Run Behavior\ContentReplaceBehavior [ RunTime:0.000000s ]
INFO: [ template_filter ] --END-- [ RunTime:0.000000s ]
NOTIC: [8] Use of undefined constant id - assumed 'id' C:\code\lutp\Application\Runtime\Cache\Home\2a94b8bda04ff446dcedd42276fc99ee.php 第 646 行.
NOTIC: [8] Use of undefined constant id - assumed 'id' C:\code\lutp\Application\Runtime\Cache\Home\2a94b8bda04ff446dcedd42276fc99ee.php 第 646 行.
NOTIC: [8] Use of undefined constant id - assumed 'id' C:\code\lutp\Application\Runtime\Cache\Home\2a94b8bda04ff446dcedd42276fc99ee.php 第 646 行.
NOTIC: [8] Use of undefined constant id - assumed 'id' C:\code\lutp\Application\Runtime\Cache\Home\2a94b8bda04ff446dcedd42276fc99ee.php 第 646 行.
INFO: Run Behavior\ParseTemplateBehavior [ RunTime:0.015625s ]
INFO: [ view_parse ] --END-- [ RunTime:0.015625s ]
INFO: [ view_filter ] --START--
INFO: Run Behavior\WriteHtmlCacheBehavior [ RunTime:0.000000s ]
INFO: [ view_filter ] --END-- [ RunTime:0.000000s ]

[ 2017-12-11T14:30:02+08:00 ] 111.30.142.252 /
INFO: [ app_init ] --START--
INFO: Run Behavior\BuildLiteBehavior [ RunTime:0.000000s ]
INFO: [ app_init ] --END-- [ RunTime:0.000000s ]
INFO: [ app_begin ] --START--
INFO: Run Behavior\ReadHtmlCacheBehavior [ RunTime:0.000000s ]
INFO: [ app_begin ] --END-- [ RunTime:0.000000s ]
SQL: SHOW COLUMNS FROM `iphone_goods_info` [ RunTime:0.0000s ]
SQL: select * from iphone_goods_info [ RunTime:0.0000s ]
SQL: select * from iphone_goods_info order by sellnum desc limit 0,4 [ RunTime:0.0000s ]
INFO: [ view_parse ] --START--
INFO: [ template_filter ] --START--
INFO: Run Behavior\ContentReplaceBehavior [ RunTime:0.000000s ]
INFO: [ template_filter ] --END-- [ RunTime:0.000000s ]
NOTIC: [8] Use of undefined constant id - assumed 'id' C:\code\lutp\Application\Runtime\Cache\Home\2a94b8bda04ff446dcedd42276fc99ee.php 第 646 行.
NOTIC: [8] Use of undefined constant id - assumed 'id' C:\code\lutp\Application\Runtime\Cache\Home\2a94b8bda04ff446dcedd42276fc99ee.php 第 646 行.
NOTIC: [8] Use of undefined constant id - assumed 'id' C:\code\lutp\Application\Runtime\Cache\Home\2a94b8bda04ff446dcedd42276fc99ee.php 第 646 行.
NOTIC: [8] Use of undefined constant id - assumed 'id' C:\code\lutp\Application\Runtime\Cache\Home\2a94b8bda04ff446dcedd42276fc99ee.php 第 646 行.
INFO: Run Behavior\ParseTemplateBehavior [ RunTime:0.015625s ]
INFO: [ view_parse ] --END-- [ RunTime:0.015625s ]
INFO: [ view_filter ] --START--
INFO: Run Behavior\WriteHtmlCacheBehavior [ RunTime:0.000000s ]
INFO: [ view_filter ] --END-- [ RunTime:0.000000s ]

[ 2017-12-11T14:30:02+08:00 ] 125.39.132.92 /
INFO: [ app_init ] --START--
INFO: Run Behavior\BuildLiteBehavior [ RunTime:0.000000s ]
INFO: [ app_init ] --END-- [ RunTime:0.000000s ]
INFO: [ app_begin ] --START--
INFO: Run Behavior\ReadHtmlCacheBehavior [ RunTime:0.000000s ]
INFO: [ app_begin ] --END-- [ RunTime:0.000000s ]
SQL: SHOW COLUMNS FROM `iphone_goods_info` [ RunTime:0.0000s ]
SQL: select * from iphone_goods_info [ RunTime:0.0000s ]
SQL: select * from iphone_goods_info order by sellnum desc limit 0,4 [ RunTime:0.0000s ]
INFO: [ view_parse ] --START--
INFO: [ template_filter ] --START--
INFO: Run Behavior\ContentReplaceBehavior [ RunTime:0.000000s ]
INFO: [ template_filter ] --END-- [ RunTime:0.000000s ]
NOTIC: [8] Use of undefined constant id - assumed 'id' C:\code\lutp\Application\Runtime\Cache\Home\2a94b8bda04ff446dcedd42276fc99ee.php 第 646 行.
NOTIC: [8] Use of undefined constant id - assumed 'id' C:\code\lutp\Application\Runtime\Cache\Home\2a94b8bda04ff446dcedd42276fc99ee.php 第 646 行.
NOTIC: [8] Use of undefined constant id - assumed 'id' C:\code\lutp\Application\Runtime\Cache\Home\2a94b8bda04ff446dcedd42276fc99ee.php 第 646 行.
NOTIC: [8] Use of undefined constant id - assumed 'id' C:\code\lutp\Application\Runtime\Cache\Home\2a94b8bda04ff446dcedd42276fc99ee.php 第 646 行.
INFO: Run Behavior\ParseTemplateBehavior [ RunTime:0.031250s ]
INFO: [ view_parse ] --END-- [ RunTime:0.031250s ]
INFO: [ view_filter ] --START--
INFO: Run Behavior\WriteHtmlCacheBehavior [ RunTime:0.000000s ]
INFO: [ view_filter ] --END-- [ RunTime:0.000000s ]

[ 2017-12-11T14:30:02+08:00 ] 125.39.132.94 /
INFO: [ app_init ] --START--
INFO: Run Behavior\BuildLiteBehavior [ RunTime:0.000000s ]
INFO: [ app_init ] --END-- [ RunTime:0.000000s ]
INFO: [ app_begin ] --START--
INFO: Run Behavior\ReadHtmlCacheBehavior [ RunTime:0.000000s ]
INFO: [ app_begin ] --END-- [ RunTime:0.000000s ]
SQL: SHOW COLUMNS FROM `iphone_goods_info` [ RunTime:0.0000s ]
SQL: select * from iphone_goods_info [ RunTime:0.0000s ]
SQL: select * from iphone_goods_info order by sellnum desc limit 0,4 [ RunTime:0.0000s ]
INFO: [ view_parse ] --START--
INFO: [ template_filter ] --START--
INFO: Run Behavior\ContentReplaceBehavior [ RunTime:0.000000s ]
INFO: [ template_filter ] --END-- [ RunTime:0.000000s ]
NOTIC: [8] Use of undefined constant id - assumed 'id' C:\code\lutp\Application\Runtime\Cache\Home\2a94b8bda04ff446dcedd42276fc99ee.php 第 646 行.
NOTIC: [8] Use of undefined constant id - assumed 'id' C:\code\lutp\Application\Runtime\Cache\Home\2a94b8bda04ff446dcedd42276fc99ee.php 第 646 行.
NOTIC: [8] Use of undefined constant id - assumed 'id' C:\code\lutp\Application\Runtime\Cache\Home\2a94b8bda04ff446dcedd42276fc99ee.php 第 646 行.
NOTIC: [8] Use of undefined constant id - assumed 'id' C:\code\lutp\Application\Runtime\Cache\Home\2a94b8bda04ff446dcedd42276fc99ee.php 第 646 行.
INFO: Run Behavior\ParseTemplateBehavior [ RunTime:0.031250s ]
INFO: [ view_parse ] --END-- [ RunTime:0.031250s ]
INFO: [ view_filter ] --START--
INFO: Run Behavior\WriteHtmlCacheBehavior [ RunTime:0.000000s ]
INFO: [ view_filter ] --END-- [ RunTime:0.000000s ]

[ 2017-12-11T14:30:02+08:00 ] 111.30.142.227 /
INFO: [ app_init ] --START--
INFO: Run Behavior\BuildLiteBehavior [ RunTime:0.000000s ]
INFO: [ app_init ] --END-- [ RunTime:0.000000s ]
INFO: [ app_begin ] --START--
INFO: Run Behavior\ReadHtmlCacheBehavior [ RunTime:0.000000s ]
INFO: [ app_begin ] --END-- [ RunTime:0.000000s ]
SQL: SHOW COLUMNS FROM `iphone_goods_info` [ RunTime:0.0000s ]
SQL: select * from iphone_goods_info [ RunTime:0.0000s ]
SQL: select * from iphone_goods_info order by sellnum desc limit 0,4 [ RunTime:0.0000s ]
INFO: [ view_parse ] --START--
INFO: [ template_filter ] --START--
INFO: Run Behavior\ContentReplaceBehavior [ RunTime:0.000000s ]
INFO: [ template_filter ] --END-- [ RunTime:0.000000s ]
NOTIC: [8] Use of undefined constant id - assumed 'id' C:\code\lutp\Application\Runtime\Cache\Home\2a94b8bda04ff446dcedd42276fc99ee.php 第 646 行.
NOTIC: [8] Use of undefined constant id - assumed 'id' C:\code\lutp\Application\Runtime\Cache\Home\2a94b8bda04ff446dcedd42276fc99ee.php 第 646 行.
NOTIC: [8] Use of undefined constant id - assumed 'id' C:\code\lutp\Application\Runtime\Cache\Home\2a94b8bda04ff446dcedd42276fc99ee.php 第 646 行.
NOTIC: [8] Use of undefined constant id - assumed 'id' C:\code\lutp\Application\Runtime\Cache\Home\2a94b8bda04ff446dcedd42276fc99ee.php 第 646 行.
INFO: Run Behavior\ParseTemplateBehavior [ RunTime:0.046875s ]
INFO: [ view_parse ] --END-- [ RunTime:0.046875s ]
INFO: [ view_filter ] --START--
INFO: Run Behavior\WriteHtmlCacheBehavior [ RunTime:0.000000s ]
INFO: [ view_filter ] --END-- [ RunTime:0.000000s ]
INFO: [ app_end ] --START--
INFO: Run Behavior\ShowPageTraceBehavior [ RunTime:0.000000s ]
INFO: [ app_end ] --END-- [ RunTime:0.000000s ]

[ 2017-12-11T14:30:02+08:00 ] 125.39.45.236 /
INFO: [ app_init ] --START--
INFO: Run Behavior\BuildLiteBehavior [ RunTime:0.000000s ]
INFO: [ app_init ] --END-- [ RunTime:0.000000s ]
INFO: [ app_begin ] --START--
INFO: Run Behavior\ReadHtmlCacheBehavior [ RunTime:0.000000s ]
INFO: [ app_begin ] --END-- [ RunTime:0.000000s ]
SQL: SHOW COLUMNS FROM `iphone_goods_info` [ RunTime:0.0000s ]
SQL: select * from iphone_goods_info [ RunTime:0.0000s ]
SQL: select * from iphone_goods_info order by sellnum desc limit 0,4 [ RunTime:0.0000s ]
INFO: [ view_parse ] --START--
INFO: [ template_filter ] --START--
INFO: Run Behavior\ContentReplaceBehavior [ RunTime:0.000000s ]
INFO: [ template_filter ] --END-- [ RunTime:0.000000s ]
NOTIC: [8] Use of undefined constant id - assumed 'id' C:\code\lutp\Application\Runtime\Cache\Home\2a94b8bda04ff446dcedd42276fc99ee.php 第 646 行.
NOTIC: [8] Use of undefined constant id - assumed 'id' C:\code\lutp\Application\Runtime\Cache\Home\2a94b8bda04ff446dcedd42276fc99ee.php 第 646 行.
NOTIC: [8] Use of undefined constant id - assumed 'id' C:\code\lutp\Application\Runtime\Cache\Home\2a94b8bda04ff446dcedd42276fc99ee.php 第 646 行.
NOTIC: [8] Use of undefined constant id - assumed 'id' C:\code\lutp\Application\Runtime\Cache\Home\2a94b8bda04ff446dcedd42276fc99ee.php 第 646 行.
INFO: Run Behavior\ParseTemplateBehavior [ RunTime:0.015625s ]
INFO: [ view_parse ] --END-- [ RunTime:0.015625s ]
INFO: [ view_filter ] --START--
INFO: Run Behavior\WriteHtmlCacheBehavior [ RunTime:0.000000s ]
INFO: [ view_filter ] --END-- [ RunTime:0.000000s ]

[ 2017-12-11T14:30:02+08:00 ] 125.39.46.47 /
INFO: [ app_init ] --START--
INFO: Run Behavior\BuildLiteBehavior [ RunTime:0.000000s ]
INFO: [ app_init ] --END-- [ RunTime:0.000000s ]
INFO: [ app_begin ] --START--
INFO: Run Behavior\ReadHtmlCacheBehavior [ RunTime:0.000000s ]
INFO: [ app_begin ] --END-- [ RunTime:0.000000s ]
SQL: SHOW COLUMNS FROM `iphone_goods_info` [ RunTime:0.0000s ]
SQL: select * from iphone_goods_info [ RunTime:0.0000s ]
SQL: select * from iphone_goods_info order by sellnum desc limit 0,4 [ RunTime:0.0000s ]
INFO: [ view_parse ] --START--
INFO: [ template_filter ] --START--
INFO: Run Behavior\ContentReplaceBehavior [ RunTime:0.000000s ]
INFO: [ template_filter ] --END-- [ RunTime:0.000000s ]
NOTIC: [8] Use of undefined constant id - assumed 'id' C:\code\lutp\Application\Runtime\Cache\Home\2a94b8bda04ff446dcedd42276fc99ee.php 第 646 行.
NOTIC: [8] Use of undefined constant id - assumed 'id' C:\code\lutp\Application\Runtime\Cache\Home\2a94b8bda04ff446dcedd42276fc99ee.php 第 646 行.
NOTIC: [8] Use of undefined constant id - assumed 'id' C:\code\lutp\Application\Runtime\Cache\Home\2a94b8bda04ff446dcedd42276fc99ee.php 第 646 行.
NOTIC: [8] Use of undefined constant id - assumed 'id' C:\code\lutp\Application\Runtime\Cache\Home\2a94b8bda04ff446dcedd42276fc99ee.php 第 646 行.
INFO: Run Behavior\ParseTemplateBehavior [ RunTime:0.031250s ]
INFO: [ view_parse ] --END-- [ RunTime:0.031250s ]
INFO: [ view_filter ] --START--
INFO: Run Behavior\WriteHtmlCacheBehavior [ RunTime:0.000000s ]
INFO: [ view_filter ] --END-- [ RunTime:0.000000s ]

[ 2017-12-11T14:30:02+08:00 ] 111.30.142.252 /
INFO: [ app_init ] --START--
INFO: Run Behavior\BuildLiteBehavior [ RunTime:0.000000s ]
INFO: [ app_init ] --END-- [ RunTime:0.000000s ]
INFO: [ app_begin ] --START--
INFO: Run Behavior\ReadHtmlCacheBehavior [ RunTime:0.000000s ]
INFO: [ app_begin ] --END-- [ RunTime:0.000000s ]
SQL: SHOW COLUMNS FROM `iphone_goods_info` [ RunTime:0.0000s ]
SQL: select * from iphone_goods_info [ RunTime:0.0000s ]
SQL: select * from iphone_goods_info order by sellnum desc limit 0,4 [ RunTime:0.0000s ]
INFO: [ view_parse ] --START--
INFO: [ template_filter ] --START--
INFO: Run Behavior\ContentReplaceBehavior [ RunTime:0.000000s ]
INFO: [ template_filter ] --END-- [ RunTime:0.000000s ]
NOTIC: [8] Use of undefined constant id - assumed 'id' C:\code\lutp\Application\Runtime\Cache\Home\2a94b8bda04ff446dcedd42276fc99ee.php 第 646 行.
NOTIC: [8] Use of undefined constant id - assumed 'id' C:\code\lutp\Application\Runtime\Cache\Home\2a94b8bda04ff446dcedd42276fc99ee.php 第 646 行.
NOTIC: [8] Use of undefined constant id - assumed 'id' C:\code\lutp\Application\Runtime\Cache\Home\2a94b8bda04ff446dcedd42276fc99ee.php 第 646 行.
NOTIC: [8] Use of undefined constant id - assumed 'id' C:\code\lutp\Application\Runtime\Cache\Home\2a94b8bda04ff446dcedd42276fc99ee.php 第 646 行.
INFO: Run Behavior\ParseTemplateBehavior [ RunTime:0.015625s ]
INFO: [ view_parse ] --END-- [ RunTime:0.015625s ]
INFO: [ view_filter ] --START--
INFO: Run Behavior\WriteHtmlCacheBehavior [ RunTime:0.000000s ]
INFO: [ view_filter ] --END-- [ RunTime:0.000000s ]

[ 2017-12-11T14:30:02+08:00 ] 125.39.46.44 /
INFO: [ app_init ] --START--
INFO: Run Behavior\BuildLiteBehavior [ RunTime:0.000000s ]
INFO: [ app_init ] --END-- [ RunTime:0.000000s ]
INFO: [ app_begin ] --START--
INFO: Run Behavior\ReadHtmlCacheBehavior [ RunTime:0.000000s ]
INFO: [ app_begin ] --END-- [ RunTime:0.000000s ]
SQL: SHOW COLUMNS FROM `iphone_goods_info` [ RunTime:0.0000s ]
SQL: select * from iphone_goods_info [ RunTime:0.0000s ]
SQL: select * from iphone_goods_info order by sellnum desc limit 0,4 [ RunTime:0.0000s ]
INFO: [ view_parse ] --START--
INFO: [ template_filter ] --START--
INFO: Run Behavior\ContentReplaceBehavior [ RunTime:0.000000s ]
INFO: [ template_filter ] --END-- [ RunTime:0.000000s ]
NOTIC: [8] Use of undefined constant id - assumed 'id' C:\code\lutp\Application\Runtime\Cache\Home\2a94b8bda04ff446dcedd42276fc99ee.php 第 646 行.
NOTIC: [8] Use of undefined constant id - assumed 'id' C:\code\lutp\Application\Runtime\Cache\Home\2a94b8bda04ff446dcedd42276fc99ee.php 第 646 行.
NOTIC: [8] Use of undefined constant id - assumed 'id' C:\code\lutp\Application\Runtime\Cache\Home\2a94b8bda04ff446dcedd42276fc99ee.php 第 646 行.
NOTIC: [8] Use of undefined constant id - assumed 'id' C:\code\lutp\Application\Runtime\Cache\Home\2a94b8bda04ff446dcedd42276fc99ee.php 第 646 行.
INFO: Run Behavior\ParseTemplateBehavior [ RunTime:0.031250s ]
INFO: [ view_parse ] --END-- [ RunTime:0.031250s ]
INFO: [ view_filter ] --START--
INFO: Run Behavior\WriteHtmlCacheBehavior [ RunTime:0.000000s ]
INFO: [ view_filter ] --END-- [ RunTime:0.000000s ]

[ 2017-12-11T14:30:02+08:00 ] 111.30.142.227 /
INFO: [ app_init ] --START--
INFO: Run Behavior\BuildLiteBehavior [ RunTime:0.000000s ]
INFO: [ app_init ] --END-- [ RunTime:0.000000s ]
INFO: [ app_begin ] --START--
INFO: Run Behavior\ReadHtmlCacheBehavior [ RunTime:0.000000s ]
INFO: [ app_begin ] --END-- [ RunTime:0.000000s ]
SQL: SHOW COLUMNS FROM `iphone_goods_info` [ RunTime:0.0000s ]
SQL: select * from iphone_goods_info [ RunTime:0.0000s ]
SQL: select * from iphone_goods_info order by sellnum desc limit 0,4 [ RunTime:0.0000s ]
INFO: [ view_parse ] --START--
INFO: [ template_filter ] --START--
INFO: Run Behavior\ContentReplaceBehavior [ RunTime:0.000000s ]
INFO: [ template_filter ] --END-- [ RunTime:0.000000s ]
NOTIC: [8] Use of undefined constant id - assumed 'id' C:\code\lutp\Application\Runtime\Cache\Home\2a94b8bda04ff446dcedd42276fc99ee.php 第 646 行.
NOTIC: [8] Use of undefined constant id - assumed 'id' C:\code\lutp\Application\Runtime\Cache\Home\2a94b8bda04ff446dcedd42276fc99ee.php 第 646 行.
NOTIC: [8] Use of undefined constant id - assumed 'id' C:\code\lutp\Application\Runtime\Cache\Home\2a94b8bda04ff446dcedd42276fc99ee.php 第 646 行.
NOTIC: [8] Use of undefined constant id - assumed 'id' C:\code\lutp\Application\Runtime\Cache\Home\2a94b8bda04ff446dcedd42276fc99ee.php 第 646 行.
INFO: Run Behavior\ParseTemplateBehavior [ RunTime:0.031250s ]
INFO: [ view_parse ] --END-- [ RunTime:0.031250s ]
INFO: [ view_filter ] --START--
INFO: Run Behavior\WriteHtmlCacheBehavior [ RunTime:0.000000s ]
INFO: [ view_filter ] --END-- [ RunTime:0.000000s ]

[ 2017-12-11T14:30:03+08:00 ] 111.30.142.252 /
INFO: [ app_init ] --START--
INFO: Run Behavior\BuildLiteBehavior [ RunTime:0.000000s ]
INFO: [ app_init ] --END-- [ RunTime:0.000000s ]
INFO: [ app_begin ] --START--
INFO: Run Behavior\ReadHtmlCacheBehavior [ RunTime:0.000000s ]
INFO: [ app_begin ] --END-- [ RunTime:0.000000s ]
SQL: SHOW COLUMNS FROM `iphone_goods_info` [ RunTime:0.0000s ]
SQL: select * from iphone_goods_info [ RunTime:0.0000s ]
SQL: select * from iphone_goods_info order by sellnum desc limit 0,4 [ RunTime:0.0000s ]
INFO: [ view_parse ] --START--
INFO: [ template_filter ] --START--
INFO: Run Behavior\ContentReplaceBehavior [ RunTime:0.000000s ]
INFO: [ template_filter ] --END-- [ RunTime:0.000000s ]
NOTIC: [8] Use of undefined constant id - assumed 'id' C:\code\lutp\Application\Runtime\Cache\Home\2a94b8bda04ff446dcedd42276fc99ee.php 第 646 行.
NOTIC: [8] Use of undefined constant id - assumed 'id' C:\code\lutp\Application\Runtime\Cache\Home\2a94b8bda04ff446dcedd42276fc99ee.php 第 646 行.
NOTIC: [8] Use of undefined constant id - assumed 'id' C:\code\lutp\Application\Runtime\Cache\Home\2a94b8bda04ff446dcedd42276fc99ee.php 第 646 行.
NOTIC: [8] Use of undefined constant id - assumed 'id' C:\code\lutp\Application\Runtime\Cache\Home\2a94b8bda04ff446dcedd42276fc99ee.php 第 646 行.
INFO: Run Behavior\ParseTemplateBehavior [ RunTime:0.031250s ]
INFO: [ view_parse ] --END-- [ RunTime:0.031250s ]
INFO: [ view_filter ] --START--
INFO: Run Behavior\WriteHtmlCacheBehavior [ RunTime:0.000000s ]
INFO: [ view_filter ] --END-- [ RunTime:0.000000s ]

[ 2017-12-11T14:30:03+08:00 ] 140.207.54.80 /index.php/Home/Weixin/index?signature=d6d8122dfe187c3f4722e957a028eee1ee8e25d7&timestamp=1512973803&nonce=1459808578&openid=oWpmw1DT78u__RCFQ0PaKndgGoec
INFO: [ app_init ] --START--
INFO: Run Behavior\BuildLiteBehavior [ RunTime:0.000000s ]
INFO: [ app_init ] --END-- [ RunTime:0.000000s ]
INFO: [ app_begin ] --START--
INFO: Run Behavior\ReadHtmlCacheBehavior [ RunTime:0.000000s ]
INFO: [ app_begin ] --END-- [ RunTime:0.000000s ]
NOTIC: [2] session_start(): Cannot send session cookie - headers already sent C:\code\lutp\ThinkPHP\Common\functions.php 第 1263 行.
NOTIC: [2] session_start(): Cannot send session cache limiter - headers already sent C:\code\lutp\ThinkPHP\Common\functions.php 第 1263 行.
INFO: [ app_end ] --START--
INFO: Run Behavior\ShowPageTraceBehavior [ RunTime:0.000000s ]
INFO: [ app_end ] --END-- [ RunTime:0.000000s ]

[ 2017-12-11T14:30:03+08:00 ] 123.151.77.70 /index.php/Home/Index/index
INFO: [ app_init ] --START--
INFO: Run Behavior\BuildLiteBehavior [ RunTime:0.000000s ]
INFO: [ app_init ] --END-- [ RunTime:0.000000s ]
INFO: [ app_begin ] --START--
INFO: Run Behavior\ReadHtmlCacheBehavior [ RunTime:0.000000s ]
INFO: [ app_begin ] --END-- [ RunTime:0.000000s ]
SQL: SHOW COLUMNS FROM `iphone_goods_info` [ RunTime:0.0000s ]
SQL: select * from iphone_goods_info [ RunTime:0.0000s ]
SQL: select * from iphone_goods_info order by sellnum desc limit 0,4 [ RunTime:0.0000s ]
INFO: [ view_parse ] --START--
INFO: [ template_filter ] --START--
INFO: Run Behavior\ContentReplaceBehavior [ RunTime:0.000000s ]
INFO: [ template_filter ] --END-- [ RunTime:0.000000s ]
NOTIC: [8] Use of undefined constant id - assumed 'id' C:\code\lutp\Application\Runtime\Cache\Home\2a94b8bda04ff446dcedd42276fc99ee.php 第 646 行.
NOTIC: [8] Use of undefined constant id - assumed 'id' C:\code\lutp\Application\Runtime\Cache\Home\2a94b8bda04ff446dcedd42276fc99ee.php 第 646 行.
NOTIC: [8] Use of undefined constant id - assumed 'id' C:\code\lutp\Application\Runtime\Cache\Home\2a94b8bda04ff446dcedd42276fc99ee.php 第 646 行.
NOTIC: [8] Use of undefined constant id - assumed 'id' C:\code\lutp\Application\Runtime\Cache\Home\2a94b8bda04ff446dcedd42276fc99ee.php 第 646 行.
INFO: Run Behavior\ParseTemplateBehavior [ RunTime:0.015625s ]
INFO: [ view_parse ] --END-- [ RunTime:0.015625s ]
INFO: [ view_filter ] --START--
INFO: Run Behavior\WriteHtmlCacheBehavior [ RunTime:0.000000s ]
INFO: [ view_filter ] --END-- [ RunTime:0.000000s ]
INFO: [ app_end ] --START--
INFO: Run Behavior\ShowPageTraceBehavior [ RunTime:0.000000s ]
INFO: [ app_end ] --END-- [ RunTime:0.015625s ]

[ 2017-12-11T15:59:37+08:00 ] 106.11.242.80 /
INFO: [ app_init ] --START--
INFO: Run Behavior\BuildLiteBehavior [ RunTime:0.000000s ]
INFO: [ app_init ] --END-- [ RunTime:0.000000s ]
INFO: [ app_begin ] --START--
INFO: Run Behavior\ReadHtmlCacheBehavior [ RunTime:0.000000s ]
INFO: [ app_begin ] --END-- [ RunTime:0.000000s ]
SQL: SHOW COLUMNS FROM `iphone_goods_info` [ RunTime:0.0000s ]
SQL: select * from iphone_goods_info [ RunTime:0.0000s ]
SQL: select * from iphone_goods_info order by sellnum desc limit 0,4 [ RunTime:0.0000s ]
INFO: [ view_parse ] --START--
INFO: [ template_filter ] --START--
INFO: Run Behavior\ContentReplaceBehavior [ RunTime:0.000000s ]
INFO: [ template_filter ] --END-- [ RunTime:0.000000s ]
NOTIC: [8] Use of undefined constant id - assumed 'id' C:\code\lutp\Application\Runtime\Cache\Home\2a94b8bda04ff446dcedd42276fc99ee.php 第 646 行.
NOTIC: [8] Use of undefined constant id - assumed 'id' C:\code\lutp\Application\Runtime\Cache\Home\2a94b8bda04ff446dcedd42276fc99ee.php 第 646 行.
NOTIC: [8] Use of undefined constant id - assumed 'id' C:\code\lutp\Application\Runtime\Cache\Home\2a94b8bda04ff446dcedd42276fc99ee.php 第 646 行.
NOTIC: [8] Use of undefined constant id - assumed 'id' C:\code\lutp\Application\Runtime\Cache\Home\2a94b8bda04ff446dcedd42276fc99ee.php 第 646 行.
INFO: Run Behavior\ParseTemplateBehavior [ RunTime:0.015625s ]
INFO: [ view_parse ] --END-- [ RunTime:0.015625s ]
INFO: [ view_filter ] --START--
INFO: Run Behavior\WriteHtmlCacheBehavior [ RunTime:0.000000s ]
INFO: [ view_filter ] --END-- [ RunTime:0.000000s ]
INFO: [ app_end ] --START--
INFO: Run Behavior\ShowPageTraceBehavior [ RunTime:0.000000s ]
INFO: [ app_end ] --END-- [ RunTime:0.000000s ]

