[ 2018-01-28T14:56:18+08:00 ] 106.11.242.106 /
INFO: [ app_init ] --START--
INFO: Run Behavior\BuildLiteBehavior [ RunTime:0.000000s ]
INFO: [ app_init ] --END-- [ RunTime:0.000000s ]
INFO: [ app_begin ] --START--
INFO: Run Behavior\ReadHtmlCacheBehavior [ RunTime:0.000000s ]
INFO: [ app_begin ] --END-- [ RunTime:0.000000s ]
SQL: SHOW COLUMNS FROM `iphone_token` [ RunTime:0.0156s ]
SQL: SELECT * FROM `iphone_token` ORDER BY token_time desc LIMIT 1   [ RunTime:0.0098s ]
SQL: insert into iphone_token (token_value,token_time) values('6_-D7Q5s8DVUjrWDEC8UPWVpTcD8hMXi0qS9wt2TiL9xS9b9tE4Ee2drDhMhzJvygf6VSolNeYCyqiAzdzlc3OI7S7bHY8wy_Mguo8w_anYKaTpIG7aaORisQsypzUc5dKuFl4kMze-78RL7q5BOCdAEATGU','2018-01-28 14:56:17') [ RunTime:0.0000s ]
SQL: SHOW COLUMNS FROM `iphone_goods_info` [ RunTime:0.0000s ]
SQL: select * from iphone_goods_info [ RunTime:0.0156s ]
SQL: select * from iphone_goods_info order by sellnum desc limit 0,4 [ RunTime:0.0000s ]
INFO: [ view_parse ] --START--
INFO: [ template_filter ] --START--
INFO: Run Behavior\ContentReplaceBehavior [ RunTime:0.000000s ]
INFO: [ template_filter ] --END-- [ RunTime:0.000000s ]
NOTIC: [8] Use of undefined constant id - assumed 'id' C:\code\lutp\Application\Runtime\Cache\Home\2a94b8bda04ff446dcedd42276fc99ee.php 第 648 行.
NOTIC: [8] Use of undefined constant id - assumed 'id' C:\code\lutp\Application\Runtime\Cache\Home\2a94b8bda04ff446dcedd42276fc99ee.php 第 648 行.
NOTIC: [8] Use of undefined constant id - assumed 'id' C:\code\lutp\Application\Runtime\Cache\Home\2a94b8bda04ff446dcedd42276fc99ee.php 第 648 行.
NOTIC: [8] Use of undefined constant id - assumed 'id' C:\code\lutp\Application\Runtime\Cache\Home\2a94b8bda04ff446dcedd42276fc99ee.php 第 648 行.
INFO: Run Behavior\ParseTemplateBehavior [ RunTime:0.037062s ]
INFO: [ view_parse ] --END-- [ RunTime:0.037062s ]
INFO: [ view_filter ] --START--
INFO: Run Behavior\WriteHtmlCacheBehavior [ RunTime:0.000975s ]
INFO: [ view_filter ] --END-- [ RunTime:0.000975s ]
INFO: [ app_end ] --START--
INFO: Run Behavior\ShowPageTraceBehavior [ RunTime:0.001951s ]
INFO: [ app_end ] --END-- [ RunTime:0.002926s ]

[ 2018-01-28T15:42:54+08:00 ] 183.205.58.166 /index.php/home/weixin/create_menu
INFO: [ app_init ] --START--
INFO: Run Behavior\BuildLiteBehavior [ RunTime:0.000000s ]
INFO: [ app_init ] --END-- [ RunTime:0.000000s ]
INFO: [ app_begin ] --START--
INFO: Run Behavior\ReadHtmlCacheBehavior [ RunTime:0.000000s ]
INFO: [ app_begin ] --END-- [ RunTime:0.000000s ]
SQL: SHOW COLUMNS FROM `iphone_token` [ RunTime:0.0000s ]
SQL: SELECT * FROM `iphone_token` ORDER BY token_time desc LIMIT 1   [ RunTime:0.0000s ]
INFO: [ app_end ] --START--
INFO: Run Behavior\ShowPageTraceBehavior [ RunTime:0.000000s ]
INFO: [ app_end ] --END-- [ RunTime:0.000000s ]

[ 2018-01-28T15:43:35+08:00 ] 140.207.54.79 /index.php/Home/Weixin/index?signature=20f048256180115f59268ef2654da201dc7fc059&timestamp=1517125415&nonce=146651032&openid=oWpmw1FdeKyNHSgVnFbQLuVwR6nE
INFO: [ app_init ] --START--
INFO: Run Behavior\BuildLiteBehavior [ RunTime:0.000000s ]
INFO: [ app_init ] --END-- [ RunTime:0.000000s ]
INFO: [ app_begin ] --START--
INFO: Run Behavior\ReadHtmlCacheBehavior [ RunTime:0.000000s ]
INFO: [ app_begin ] --END-- [ RunTime:0.000000s ]
NOTIC: [2] session_start(): Cannot send session cookie - headers already sent C:\code\lutp\ThinkPHP\Common\functions.php 第 1263 行.
NOTIC: [2] session_start(): Cannot send session cache limiter - headers already sent C:\code\lutp\ThinkPHP\Common\functions.php 第 1263 行.
SQL: SHOW COLUMNS FROM `iphone_token` [ RunTime:0.0000s ]
SQL: SELECT * FROM `iphone_token` ORDER BY token_time desc LIMIT 1   [ RunTime:0.0000s ]
SQL: SHOW COLUMNS FROM `iphone_user_lu` [ RunTime:0.0224s ]
SQL: UPDATE `iphone_user_lu` SET `user_active`='0' WHERE ( user_openid='oWpmw1FdeKyNHSgVnFbQLuVwR6nE' ) [ RunTime:0.0010s ]

[ 2018-01-28T15:43:47+08:00 ] 140.207.54.79 /index.php/Home/Weixin/index?signature=f33a7f03d9cc4197b626570b932482be47373008&timestamp=1517125427&nonce=628664114&openid=oWpmw1FdeKyNHSgVnFbQLuVwR6nE
INFO: [ app_init ] --START--
INFO: Run Behavior\BuildLiteBehavior [ RunTime:0.000000s ]
INFO: [ app_init ] --END-- [ RunTime:0.000000s ]
INFO: [ app_begin ] --START--
INFO: Run Behavior\ReadHtmlCacheBehavior [ RunTime:0.000000s ]
INFO: [ app_begin ] --END-- [ RunTime:0.000000s ]
NOTIC: [2] session_start(): Cannot send session cookie - headers already sent C:\code\lutp\ThinkPHP\Common\functions.php 第 1263 行.
NOTIC: [2] session_start(): Cannot send session cache limiter - headers already sent C:\code\lutp\ThinkPHP\Common\functions.php 第 1263 行.
SQL: SHOW COLUMNS FROM `iphone_token` [ RunTime:0.0000s ]
SQL: SELECT * FROM `iphone_token` ORDER BY token_time desc LIMIT 1   [ RunTime:0.0000s ]
SQL: SHOW COLUMNS FROM `iphone_user_lu` [ RunTime:0.0020s ]
SQL: SELECT * FROM `iphone_user_lu` WHERE ( user_openid='oWpmw1FdeKyNHSgVnFbQLuVwR6nE' ) LIMIT 1   [ RunTime:0.0010s ]
SQL: UPDATE `iphone_user_lu` SET `user_active`='1' WHERE ( user_openid='oWpmw1FdeKyNHSgVnFbQLuVwR6nE' ) [ RunTime:0.0000s ]
SQL: SELECT * FROM `iphone_user_lu` WHERE ( user_openid='oWpmw1FdeKyNHSgVnFbQLuVwR6nE' ) LIMIT 1   [ RunTime:0.0010s ]
SQL: SELECT * FROM `iphone_token` ORDER BY token_time desc LIMIT 1   [ RunTime:0.0000s ]
NOTIC: [8] Undefined offset: 1 C:\code\lutp\Application\Home\Controller\WeixinController.class.php 第 188 行.
SQL: SELECT * FROM `iphone_user_lu` WHERE ( id='' ) LIMIT 1   [ RunTime:0.0010s ]
SQL: SELECT * FROM `iphone_user_lu` WHERE ( user_openid='oWpmw1FdeKyNHSgVnFbQLuVwR6nE' ) LIMIT 1   [ RunTime:0.0000s ]
NOTIC: [8] Undefined offset: 1 C:\code\lutp\Application\Home\Controller\WeixinController.class.php 第 203 行.
INFO: [ app_end ] --START--
INFO: Run Behavior\ShowPageTraceBehavior [ RunTime:0.000975s ]
INFO: [ app_end ] --END-- [ RunTime:0.000975s ]

[ 2018-01-28T15:44:11+08:00 ] 140.207.54.79 /index.php/Home/Weixin/index?signature=f0daafd2590ee8377e538ea1b9ab2936b7374ffc&timestamp=1517125451&nonce=54748232&openid=oWpmw1FdeKyNHSgVnFbQLuVwR6nE
INFO: [ app_init ] --START--
INFO: Run Behavior\BuildLiteBehavior [ RunTime:0.000000s ]
INFO: [ app_init ] --END-- [ RunTime:0.000000s ]
INFO: [ app_begin ] --START--
INFO: Run Behavior\ReadHtmlCacheBehavior [ RunTime:0.000000s ]
INFO: [ app_begin ] --END-- [ RunTime:0.000000s ]
NOTIC: [2] session_start(): Cannot send session cookie - headers already sent C:\code\lutp\ThinkPHP\Common\functions.php 第 1263 行.
NOTIC: [2] session_start(): Cannot send session cache limiter - headers already sent C:\code\lutp\ThinkPHP\Common\functions.php 第 1263 行.
SQL: SHOW COLUMNS FROM `iphone_token` [ RunTime:0.0156s ]
SQL: SELECT * FROM `iphone_token` ORDER BY token_time desc LIMIT 1   [ RunTime:0.0000s ]
INFO: [ app_end ] --START--
INFO: Run Behavior\ShowPageTraceBehavior [ RunTime:0.000000s ]
INFO: [ app_end ] --END-- [ RunTime:0.000000s ]

[ 2018-01-28T15:44:14+08:00 ] 140.207.54.80 /index.php/Home/Weixin/index?signature=7a4dfe2eb5a60681de9b59743a7adeb4748d19c1&timestamp=1517125452&nonce=263771728&openid=oWpmw1FdeKyNHSgVnFbQLuVwR6nE
INFO: [ app_init ] --START--
INFO: Run Behavior\BuildLiteBehavior [ RunTime:0.000000s ]
INFO: [ app_init ] --END-- [ RunTime:0.000000s ]
INFO: [ app_begin ] --START--
INFO: Run Behavior\ReadHtmlCacheBehavior [ RunTime:0.000000s ]
INFO: [ app_begin ] --END-- [ RunTime:0.000000s ]
NOTIC: [2] session_start(): Cannot send session cookie - headers already sent C:\code\lutp\ThinkPHP\Common\functions.php 第 1263 行.
NOTIC: [2] session_start(): Cannot send session cache limiter - headers already sent C:\code\lutp\ThinkPHP\Common\functions.php 第 1263 行.
SQL: SHOW COLUMNS FROM `iphone_token` [ RunTime:0.0000s ]
SQL: SELECT * FROM `iphone_token` ORDER BY token_time desc LIMIT 1   [ RunTime:0.0000s ]
SQL: SELECT * FROM `iphone_token` ORDER BY token_time desc LIMIT 1   [ RunTime:0.0000s ]
INFO: [ app_end ] --START--
INFO: Run Behavior\ShowPageTraceBehavior [ RunTime:0.015604s ]
INFO: [ app_end ] --END-- [ RunTime:0.015604s ]

[ 2018-01-28T15:44:42+08:00 ] 140.207.54.79 /index.php/Home/Weixin/index?signature=85d9ba23cb59f647bbe02ac3987f7039b90bdee6&timestamp=1517125482&nonce=1147671482&openid=oWpmw1FdeKyNHSgVnFbQLuVwR6nE
INFO: [ app_init ] --START--
INFO: Run Behavior\BuildLiteBehavior [ RunTime:0.000000s ]
INFO: [ app_init ] --END-- [ RunTime:0.000000s ]
INFO: [ app_begin ] --START--
INFO: Run Behavior\ReadHtmlCacheBehavior [ RunTime:0.000000s ]
INFO: [ app_begin ] --END-- [ RunTime:0.000000s ]
NOTIC: [2] session_start(): Cannot send session cookie - headers already sent C:\code\lutp\ThinkPHP\Common\functions.php 第 1263 行.
NOTIC: [2] session_start(): Cannot send session cache limiter - headers already sent C:\code\lutp\ThinkPHP\Common\functions.php 第 1263 行.
SQL: SHOW COLUMNS FROM `iphone_token` [ RunTime:0.0000s ]
SQL: SELECT * FROM `iphone_token` ORDER BY token_time desc LIMIT 1   [ RunTime:0.0000s ]
INFO: [ app_end ] --START--
INFO: Run Behavior\ShowPageTraceBehavior [ RunTime:0.000976s ]
INFO: [ app_end ] --END-- [ RunTime:0.000976s ]

[ 2018-01-28T15:44:44+08:00 ] 140.207.54.80 /index.php/Home/Weixin/index?signature=dbb2017731a74aa8c462f2eb5b2038f9419783c6&timestamp=1517125483&nonce=1876014389&openid=oWpmw1FdeKyNHSgVnFbQLuVwR6nE
INFO: [ app_init ] --START--
INFO: Run Behavior\BuildLiteBehavior [ RunTime:0.000000s ]
INFO: [ app_init ] --END-- [ RunTime:0.000000s ]
INFO: [ app_begin ] --START--
INFO: Run Behavior\ReadHtmlCacheBehavior [ RunTime:0.000000s ]
INFO: [ app_begin ] --END-- [ RunTime:0.000000s ]
NOTIC: [2] session_start(): Cannot send session cookie - headers already sent C:\code\lutp\ThinkPHP\Common\functions.php 第 1263 行.
NOTIC: [2] session_start(): Cannot send session cache limiter - headers already sent C:\code\lutp\ThinkPHP\Common\functions.php 第 1263 行.
SQL: SHOW COLUMNS FROM `iphone_token` [ RunTime:0.0020s ]
SQL: SELECT * FROM `iphone_token` ORDER BY token_time desc LIMIT 1   [ RunTime:0.0000s ]
SQL: SELECT * FROM `iphone_token` ORDER BY token_time desc LIMIT 1   [ RunTime:0.0000s ]
INFO: [ app_end ] --START--
INFO: Run Behavior\ShowPageTraceBehavior [ RunTime:0.000000s ]
INFO: [ app_end ] --END-- [ RunTime:0.000000s ]

[ 2018-01-28T15:47:40+08:00 ] 183.205.58.166 /index.php/home/weixin/create_menu
INFO: [ app_init ] --START--
INFO: Run Behavior\BuildLiteBehavior [ RunTime:0.000000s ]
INFO: [ app_init ] --END-- [ RunTime:0.015604s ]
INFO: [ app_begin ] --START--
INFO: Run Behavior\ReadHtmlCacheBehavior [ RunTime:0.000000s ]
INFO: [ app_begin ] --END-- [ RunTime:0.000000s ]
SQL: SHOW COLUMNS FROM `iphone_token` [ RunTime:0.0000s ]
SQL: SELECT * FROM `iphone_token` ORDER BY token_time desc LIMIT 1   [ RunTime:0.0000s ]
INFO: [ app_end ] --START--
INFO: Run Behavior\ShowPageTraceBehavior [ RunTime:0.000000s ]
INFO: [ app_end ] --END-- [ RunTime:0.000000s ]

[ 2018-01-28T15:48:11+08:00 ] 140.207.54.79 /index.php/Home/Weixin/index?signature=11be18c54584151be45deb6230f55625c2502a55&timestamp=1517125691&nonce=252859746&openid=oWpmw1FdeKyNHSgVnFbQLuVwR6nE
INFO: [ app_init ] --START--
INFO: Run Behavior\BuildLiteBehavior [ RunTime:0.000000s ]
INFO: [ app_init ] --END-- [ RunTime:0.000000s ]
INFO: [ app_begin ] --START--
INFO: Run Behavior\ReadHtmlCacheBehavior [ RunTime:0.000000s ]
INFO: [ app_begin ] --END-- [ RunTime:0.000000s ]
NOTIC: [2] session_start(): Cannot send session cookie - headers already sent C:\code\lutp\ThinkPHP\Common\functions.php 第 1263 行.
NOTIC: [2] session_start(): Cannot send session cache limiter - headers already sent C:\code\lutp\ThinkPHP\Common\functions.php 第 1263 行.
SQL: SHOW COLUMNS FROM `iphone_token` [ RunTime:0.0010s ]
SQL: SELECT * FROM `iphone_token` ORDER BY token_time desc LIMIT 1   [ RunTime:0.0000s ]
INFO: [ app_end ] --START--
INFO: Run Behavior\ShowPageTraceBehavior [ RunTime:0.000975s ]
INFO: [ app_end ] --END-- [ RunTime:0.000975s ]

[ 2018-01-28T15:48:14+08:00 ] 140.207.54.79 /index.php/Home/Weixin/index?signature=30e1bbfe0cc866b211043346c807a8e6ec78bbfc&timestamp=1517125692&nonce=2008896405&openid=oWpmw1FdeKyNHSgVnFbQLuVwR6nE
INFO: [ app_init ] --START--
INFO: Run Behavior\BuildLiteBehavior [ RunTime:0.000000s ]
INFO: [ app_init ] --END-- [ RunTime:0.000000s ]
INFO: [ app_begin ] --START--
INFO: Run Behavior\ReadHtmlCacheBehavior [ RunTime:0.000000s ]
INFO: [ app_begin ] --END-- [ RunTime:0.000000s ]
NOTIC: [2] session_start(): Cannot send session cookie - headers already sent C:\code\lutp\ThinkPHP\Common\functions.php 第 1263 行.
NOTIC: [2] session_start(): Cannot send session cache limiter - headers already sent C:\code\lutp\ThinkPHP\Common\functions.php 第 1263 行.
SQL: SHOW COLUMNS FROM `iphone_token` [ RunTime:0.0000s ]
SQL: SELECT * FROM `iphone_token` ORDER BY token_time desc LIMIT 1   [ RunTime:0.0000s ]
SQL: SELECT * FROM `iphone_token` ORDER BY token_time desc LIMIT 1   [ RunTime:0.0010s ]
INFO: [ app_end ] --START--
INFO: Run Behavior\ShowPageTraceBehavior [ RunTime:0.000000s ]
INFO: [ app_end ] --END-- [ RunTime:0.000000s ]

[ 2018-01-28T15:48:35+08:00 ] 140.207.54.80 /index.php/Home/Weixin/index?signature=9e7f841bbea7720ab3efc0a4a8e08e01e8112931&timestamp=1517125715&nonce=942248306&openid=oWpmw1FdeKyNHSgVnFbQLuVwR6nE
INFO: [ app_init ] --START--
INFO: Run Behavior\BuildLiteBehavior [ RunTime:0.000000s ]
INFO: [ app_init ] --END-- [ RunTime:0.000000s ]
INFO: [ app_begin ] --START--
INFO: Run Behavior\ReadHtmlCacheBehavior [ RunTime:0.000000s ]
INFO: [ app_begin ] --END-- [ RunTime:0.000000s ]
NOTIC: [2] session_start(): Cannot send session cookie - headers already sent C:\code\lutp\ThinkPHP\Common\functions.php 第 1263 行.
NOTIC: [2] session_start(): Cannot send session cache limiter - headers already sent C:\code\lutp\ThinkPHP\Common\functions.php 第 1263 行.
SQL: SHOW COLUMNS FROM `iphone_token` [ RunTime:0.0000s ]
SQL: SELECT * FROM `iphone_token` ORDER BY token_time desc LIMIT 1   [ RunTime:0.0000s ]
INFO: [ app_end ] --START--
INFO: Run Behavior\ShowPageTraceBehavior [ RunTime:0.000975s ]
INFO: [ app_end ] --END-- [ RunTime:0.000975s ]

[ 2018-01-28T15:48:38+08:00 ] 140.207.54.79 /index.php/Home/Weixin/index?signature=2d290bcca13598f1f39721a49cfcda0c7457aaf5&timestamp=1517125717&nonce=1708072047&openid=oWpmw1FdeKyNHSgVnFbQLuVwR6nE
INFO: [ app_init ] --START--
INFO: Run Behavior\BuildLiteBehavior [ RunTime:0.000000s ]
INFO: [ app_init ] --END-- [ RunTime:0.000000s ]
INFO: [ app_begin ] --START--
INFO: Run Behavior\ReadHtmlCacheBehavior [ RunTime:0.000000s ]
INFO: [ app_begin ] --END-- [ RunTime:0.000000s ]
NOTIC: [2] session_start(): Cannot send session cookie - headers already sent C:\code\lutp\ThinkPHP\Common\functions.php 第 1263 行.
NOTIC: [2] session_start(): Cannot send session cache limiter - headers already sent C:\code\lutp\ThinkPHP\Common\functions.php 第 1263 行.
SQL: SHOW COLUMNS FROM `iphone_token` [ RunTime:0.0020s ]
SQL: SELECT * FROM `iphone_token` ORDER BY token_time desc LIMIT 1   [ RunTime:0.0000s ]
SQL: SELECT * FROM `iphone_token` ORDER BY token_time desc LIMIT 1   [ RunTime:0.0000s ]
INFO: [ app_end ] --START--
INFO: Run Behavior\ShowPageTraceBehavior [ RunTime:0.000000s ]
INFO: [ app_end ] --END-- [ RunTime:0.000000s ]

[ 2018-01-28T16:53:26+08:00 ] 183.205.58.166 /index.php/home/lu/face2
INFO: [ app_init ] --START--
INFO: Run Behavior\BuildLiteBehavior [ RunTime:0.000000s ]
INFO: [ app_init ] --END-- [ RunTime:0.000000s ]
INFO: [ app_begin ] --START--
INFO: Run Behavior\ReadHtmlCacheBehavior [ RunTime:0.000000s ]
INFO: [ app_begin ] --END-- [ RunTime:0.000000s ]
INFO: [ view_parse ] --START--
INFO: [ template_filter ] --START--
INFO: Run Behavior\ContentReplaceBehavior [ RunTime:0.000000s ]
INFO: [ template_filter ] --END-- [ RunTime:0.000000s ]
INFO: Run Behavior\ParseTemplateBehavior [ RunTime:0.000000s ]
INFO: [ view_parse ] --END-- [ RunTime:0.000000s ]
INFO: [ view_filter ] --START--
INFO: Run Behavior\WriteHtmlCacheBehavior [ RunTime:0.000000s ]
INFO: [ view_filter ] --END-- [ RunTime:0.000000s ]
INFO: [ app_end ] --START--
INFO: Run Behavior\ShowPageTraceBehavior [ RunTime:0.000000s ]
INFO: [ app_end ] --END-- [ RunTime:0.000000s ]

[ 2018-01-28T16:53:26+08:00 ] 183.205.58.166 /index.php/home/lu/images/moren.jpg
INFO: [ app_init ] --START--
INFO: Run Behavior\BuildLiteBehavior [ RunTime:0.000000s ]
INFO: [ app_init ] --END-- [ RunTime:0.000000s ]

[ 2018-01-28T16:53:41+08:00 ] 183.205.58.166 /
INFO: [ app_init ] --START--
INFO: Run Behavior\BuildLiteBehavior [ RunTime:0.000000s ]
INFO: [ app_init ] --END-- [ RunTime:0.000000s ]
INFO: [ app_begin ] --START--
INFO: Run Behavior\ReadHtmlCacheBehavior [ RunTime:0.000000s ]
INFO: [ app_begin ] --END-- [ RunTime:0.000000s ]
SQL: SHOW COLUMNS FROM `iphone_token` [ RunTime:0.0000s ]
SQL: SELECT * FROM `iphone_token` ORDER BY token_time desc LIMIT 1   [ RunTime:0.0000s ]
SQL: SHOW COLUMNS FROM `iphone_goods_info` [ RunTime:0.0000s ]
SQL: select * from iphone_goods_info [ RunTime:0.0000s ]
SQL: select * from iphone_goods_info order by sellnum desc limit 0,4 [ RunTime:0.0000s ]
INFO: [ view_parse ] --START--
INFO: [ template_filter ] --START--
INFO: Run Behavior\ContentReplaceBehavior [ RunTime:0.000000s ]
INFO: [ template_filter ] --END-- [ RunTime:0.000000s ]
NOTIC: [8] Use of undefined constant id - assumed 'id' C:\code\lutp\Application\Runtime\Cache\Home\2a94b8bda04ff446dcedd42276fc99ee.php 第 648 行.
NOTIC: [8] Use of undefined constant id - assumed 'id' C:\code\lutp\Application\Runtime\Cache\Home\2a94b8bda04ff446dcedd42276fc99ee.php 第 648 行.
NOTIC: [8] Use of undefined constant id - assumed 'id' C:\code\lutp\Application\Runtime\Cache\Home\2a94b8bda04ff446dcedd42276fc99ee.php 第 648 行.
NOTIC: [8] Use of undefined constant id - assumed 'id' C:\code\lutp\Application\Runtime\Cache\Home\2a94b8bda04ff446dcedd42276fc99ee.php 第 648 行.
INFO: Run Behavior\ParseTemplateBehavior [ RunTime:0.031204s ]
INFO: [ view_parse ] --END-- [ RunTime:0.031204s ]
INFO: [ view_filter ] --START--
INFO: Run Behavior\WriteHtmlCacheBehavior [ RunTime:0.000000s ]
INFO: [ view_filter ] --END-- [ RunTime:0.000000s ]

