[ 2018-03-01T12:50:04+08:00 ] 106.11.242.103 /
INFO: [ app_init ] --START--
INFO: Run Behavior\BuildLiteBehavior [ RunTime:0.000000s ]
INFO: [ app_init ] --END-- [ RunTime:0.000000s ]
INFO: [ app_begin ] --START--
INFO: Run Behavior\ReadHtmlCacheBehavior [ RunTime:0.000000s ]
INFO: [ app_begin ] --END-- [ RunTime:0.000000s ]
SQL: SHOW COLUMNS FROM `iphone_token` [ RunTime:0.0273s ]
SQL: SELECT * FROM `iphone_token` ORDER BY token_time desc LIMIT 1   [ RunTime:0.0156s ]
SQL: insert into iphone_token (token_value,token_time) values('7_WwxEdRLBptQ1OIZK5396DjjE3Hyya-ShtBaGweBz5vI2PwxYw2CD_-Hkb0KvUkfHde3CF58gUehZtyjCnvEz2LPLj6SjyJ99w70pgKXX5zaSe2d3I7jDGW9aGyzhp-PBnBrnowb3GVuID4pbEWLjAGAMET','2018-03-01 12:50:04') [ RunTime:0.0000s ]
SQL: SHOW COLUMNS FROM `iphone_goods_info` [ RunTime:0.0000s ]
SQL: select * from iphone_goods_info [ RunTime:0.0000s ]
SQL: select * from iphone_goods_info order by sellnum desc limit 0,4 [ RunTime:0.0000s ]
INFO: [ view_parse ] --START--
INFO: [ template_filter ] --START--
INFO: Run Behavior\ContentReplaceBehavior [ RunTime:0.000000s ]
INFO: [ template_filter ] --END-- [ RunTime:0.000975s ]
NOTIC: [8] Use of undefined constant id - assumed 'id' C:\code\lutp\Application\Runtime\Cache\Home\2a94b8bda04ff446dcedd42276fc99ee.php 第 648 行.
NOTIC: [8] Use of undefined constant id - assumed 'id' C:\code\lutp\Application\Runtime\Cache\Home\2a94b8bda04ff446dcedd42276fc99ee.php 第 648 行.
NOTIC: [8] Use of undefined constant id - assumed 'id' C:\code\lutp\Application\Runtime\Cache\Home\2a94b8bda04ff446dcedd42276fc99ee.php 第 648 行.
NOTIC: [8] Use of undefined constant id - assumed 'id' C:\code\lutp\Application\Runtime\Cache\Home\2a94b8bda04ff446dcedd42276fc99ee.php 第 648 行.
INFO: Run Behavior\ParseTemplateBehavior [ RunTime:0.023406s ]
INFO: [ view_parse ] --END-- [ RunTime:0.023406s ]
INFO: [ view_filter ] --START--
INFO: Run Behavior\WriteHtmlCacheBehavior [ RunTime:0.015603s ]
INFO: [ view_filter ] --END-- [ RunTime:0.015603s ]
INFO: [ app_end ] --START--
INFO: Run Behavior\ShowPageTraceBehavior [ RunTime:0.000975s ]
INFO: [ app_end ] --END-- [ RunTime:0.000975s ]

