[ 2018-03-11T03:26:59+08:00 ] 106.11.227.155 /
INFO: [ app_init ] --START--
INFO: Run Behavior\BuildLiteBehavior [ RunTime:0.000000s ]
INFO: [ app_init ] --END-- [ RunTime:0.000000s ]
INFO: [ app_begin ] --START--
INFO: Run Behavior\ReadHtmlCacheBehavior [ RunTime:0.000000s ]
INFO: [ app_begin ] --END-- [ RunTime:0.000000s ]
SQL: SHOW COLUMNS FROM `iphone_token` [ RunTime:0.0000s ]
SQL: SELECT * FROM `iphone_token` ORDER BY token_time desc LIMIT 1   [ RunTime:0.0000s ]
SQL: SHOW COLUMNS FROM `iphone_text` [ RunTime:0.0029s ]
SQL: INSERT INTO `iphone_text` (`content`,`addtime`) VALUES ('s:193:\"{\"access_token\":\"7_8jF4JdNEioLOLsdN-Wv3PW-HLLLi5sF8QsEHq_eKzqIrmpo2pIdWLEIT8n4YaiGsSQ6eFIg5td__LyvKUEb02NeMuWE2VgCv1yX0fO9kpmhAf2V3KkXZ_Moqr7GCwgw6KimZerM6TkxmsYKqJYYjAHAWLL\",\"expires_in\":7200}\";','2018-03-11 03:26:59') [ RunTime:0.0010s ]
SQL: INSERT INTO `iphone_token` (`token_time`,`token_value`) VALUES ('2018-03-11 03:26:59','7_8jF4JdNEioLOLsdN-Wv3PW-HLLLi5sF8QsEHq_eKzqIrmpo2pIdWLEIT8n4YaiGsSQ6eFIg5td__LyvKUEb02NeMuWE2VgCv1yX0fO9kpmhAf2V3KkXZ_Moqr7GCwgw6KimZerM6TkxmsYKqJYYjAHAWLL') [ RunTime:0.0000s ]
SQL: SHOW COLUMNS FROM `iphone_goods_info` [ RunTime:0.0029s ]
SQL: select * from iphone_goods_info [ RunTime:0.0010s ]
SQL: select * from iphone_goods_info order by sellnum desc limit 0,4 [ RunTime:0.0000s ]
INFO: [ view_parse ] --START--
INFO: [ template_filter ] --START--
INFO: Run Behavior\ContentReplaceBehavior [ RunTime:0.000976s ]
INFO: [ template_filter ] --END-- [ RunTime:0.000976s ]
NOTIC: [8] Use of undefined constant id - assumed 'id' C:\code\lutp\Application\Runtime\Cache\Home\2a94b8bda04ff446dcedd42276fc99ee.php 第 648 行.
NOTIC: [8] Use of undefined constant id - assumed 'id' C:\code\lutp\Application\Runtime\Cache\Home\2a94b8bda04ff446dcedd42276fc99ee.php 第 648 行.
NOTIC: [8] Use of undefined constant id - assumed 'id' C:\code\lutp\Application\Runtime\Cache\Home\2a94b8bda04ff446dcedd42276fc99ee.php 第 648 行.
NOTIC: [8] Use of undefined constant id - assumed 'id' C:\code\lutp\Application\Runtime\Cache\Home\2a94b8bda04ff446dcedd42276fc99ee.php 第 648 行.
INFO: Run Behavior\ParseTemplateBehavior [ RunTime:0.019504s ]
INFO: [ view_parse ] --END-- [ RunTime:0.019504s ]
INFO: [ view_filter ] --START--
INFO: Run Behavior\WriteHtmlCacheBehavior [ RunTime:0.000000s ]
INFO: [ view_filter ] --END-- [ RunTime:0.000975s ]
INFO: [ app_end ] --START--
INFO: Run Behavior\ShowPageTraceBehavior [ RunTime:0.000975s ]
INFO: [ app_end ] --END-- [ RunTime:0.000975s ]

[ 2018-03-11T14:15:06+08:00 ] 140.207.54.79 /index.php/Home/Weixin/index?signature=c075d1435e2aada3638c47708a0b901af9dcf1dc&timestamp=1520748903&nonce=1171444909&openid=oWpmw1FdeKyNHSgVnFbQLuVwR6nE
INFO: [ app_init ] --START--
INFO: Run Behavior\BuildLiteBehavior [ RunTime:0.000000s ]
INFO: [ app_init ] --END-- [ RunTime:0.000000s ]
INFO: [ app_begin ] --START--
INFO: Run Behavior\ReadHtmlCacheBehavior [ RunTime:0.000000s ]
INFO: [ app_begin ] --END-- [ RunTime:0.000000s ]
NOTIC: [2] session_start(): Cannot send session cookie - headers already sent C:\code\lutp\ThinkPHP\Common\functions.php 第 1263 行.
NOTIC: [2] session_start(): Cannot send session cache limiter - headers already sent C:\code\lutp\ThinkPHP\Common\functions.php 第 1263 行.
SQL: SHOW COLUMNS FROM `iphone_token` [ RunTime:0.0156s ]
SQL: SELECT * FROM `iphone_token` ORDER BY token_time desc LIMIT 1   [ RunTime:0.0000s ]
SQL: SHOW COLUMNS FROM `iphone_text` [ RunTime:0.0000s ]
SQL: INSERT INTO `iphone_text` (`content`,`addtime`) VALUES ('s:193:\"{\"access_token\":\"7_1mY0xlCNe3HlNevzIXWvLSu1opy8HXWmiJvE2Pv4nPNWHThb70F9CtW68sQ5rdwclOwzgBAlVe7zzqDwjiJXHPT4_SJA7sfzFgjnD43wNrCJ7M95ZQJoqAlLLwqgBuTtfBe7L78QWdUQ5Ga0MOChABARTH\",\"expires_in\":7200}\";','2018-03-11 14:15:04') [ RunTime:0.0000s ]
SQL: INSERT INTO `iphone_token` (`token_time`,`token_value`) VALUES ('2018-03-11 14:15:04','7_1mY0xlCNe3HlNevzIXWvLSu1opy8HXWmiJvE2Pv4nPNWHThb70F9CtW68sQ5rdwclOwzgBAlVe7zzqDwjiJXHPT4_SJA7sfzFgjnD43wNrCJ7M95ZQJoqAlLLwqgBuTtfBe7L78QWdUQ5Ga0MOChABARTH') [ RunTime:0.0000s ]
INFO: [ app_end ] --START--
INFO: Run Behavior\ShowPageTraceBehavior [ RunTime:0.000000s ]
INFO: [ app_end ] --END-- [ RunTime:0.000000s ]

[ 2018-03-11T14:15:11+08:00 ] 125.41.181.4 /index.php/Home/Lu/yaoyiyao
INFO: [ app_init ] --START--
INFO: Run Behavior\BuildLiteBehavior [ RunTime:0.000000s ]
INFO: [ app_init ] --END-- [ RunTime:0.000000s ]
INFO: [ app_begin ] --START--
INFO: Run Behavior\ReadHtmlCacheBehavior [ RunTime:0.000000s ]
INFO: [ app_begin ] --END-- [ RunTime:0.000000s ]
INFO: [ view_parse ] --START--
INFO: [ template_filter ] --START--
INFO: Run Behavior\ContentReplaceBehavior [ RunTime:0.000000s ]
INFO: [ template_filter ] --END-- [ RunTime:0.000000s ]
INFO: Run Behavior\ParseTemplateBehavior [ RunTime:0.015604s ]
INFO: [ view_parse ] --END-- [ RunTime:0.015604s ]
INFO: [ view_filter ] --START--
INFO: Run Behavior\WriteHtmlCacheBehavior [ RunTime:0.000000s ]
INFO: [ view_filter ] --END-- [ RunTime:0.000000s ]
INFO: [ app_end ] --START--
INFO: Run Behavior\ShowPageTraceBehavior [ RunTime:0.000000s ]
INFO: [ app_end ] --END-- [ RunTime:0.000000s ]

[ 2018-03-11T14:16:01+08:00 ] 140.207.54.80 /index.php/Home/Weixin/index?signature=ac6fef3b87a812cd665b44ae559b374040ec82f8&timestamp=1520748960&nonce=128531010&openid=oWpmw1FdeKyNHSgVnFbQLuVwR6nE
INFO: [ app_init ] --START--
INFO: Run Behavior\BuildLiteBehavior [ RunTime:0.000000s ]
INFO: [ app_init ] --END-- [ RunTime:0.000000s ]
INFO: [ app_begin ] --START--
INFO: Run Behavior\ReadHtmlCacheBehavior [ RunTime:0.000000s ]
INFO: [ app_begin ] --END-- [ RunTime:0.000000s ]
NOTIC: [2] session_start(): Cannot send session cookie - headers already sent C:\code\lutp\ThinkPHP\Common\functions.php 第 1263 行.
NOTIC: [2] session_start(): Cannot send session cache limiter - headers already sent C:\code\lutp\ThinkPHP\Common\functions.php 第 1263 行.
SQL: SHOW COLUMNS FROM `iphone_token` [ RunTime:0.0000s ]
SQL: SELECT * FROM `iphone_token` ORDER BY token_time desc LIMIT 1   [ RunTime:0.0000s ]
INFO: [ app_end ] --START--
INFO: Run Behavior\ShowPageTraceBehavior [ RunTime:0.000000s ]
INFO: [ app_end ] --END-- [ RunTime:0.000000s ]

