[ 2018-03-18T12:14:50+08:00 ] 140.207.54.80 /index.php/Home/Weixin/index?signature=6f8bd0bf366864115b7f880dff77b071344ce1f0&timestamp=1521346488&nonce=1854403166&openid=oLrCbwoL1FiHNVXQwpcNbaHNJ4_U
INFO: [ app_init ] --START--
INFO: Run Behavior\BuildLiteBehavior [ RunTime:0.000000s ]
INFO: [ app_init ] --END-- [ RunTime:0.000000s ]
INFO: [ app_begin ] --START--
INFO: Run Behavior\ReadHtmlCacheBehavior [ RunTime:0.000000s ]
INFO: [ app_begin ] --END-- [ RunTime:0.000000s ]
NOTIC: [2] session_start(): Cannot send session cookie - headers already sent C:\code\lutp\ThinkPHP\Common\functions.php 第 1263 行.
NOTIC: [2] session_start(): Cannot send session cache limiter - headers already sent C:\code\lutp\ThinkPHP\Common\functions.php 第 1263 行.
SQL: SHOW COLUMNS FROM `iphone_token` [ RunTime:0.0000s ]
SQL: SELECT * FROM `iphone_token` ORDER BY token_time desc LIMIT 1   [ RunTime:0.0000s ]
SQL: SHOW COLUMNS FROM `iphone_text` [ RunTime:0.0156s ]
SQL: INSERT INTO `iphone_text` (`content`,`addtime`) VALUES ('s:193:\"{\"access_token\":\"7_Zixaa27jRHRzsRfqyW0c2cjp3KLH2p3vqtPggVkrUc_DGKeo7CVJQeU7RyOGyr6B7pLtyvRG8bST6IR_o3bwPienuaXeGUOShjHoMl09qx-Ku1Oy3aP_CYiHbAIiXIj2k_afmltxTH3PICROHTGaAGALXK\",\"expires_in\":7200}\";','2018-03-18 12:14:50') [ RunTime:0.0000s ]
SQL: INSERT INTO `iphone_token` (`token_time`,`token_value`) VALUES ('2018-03-18 12:14:50','7_Zixaa27jRHRzsRfqyW0c2cjp3KLH2p3vqtPggVkrUc_DGKeo7CVJQeU7RyOGyr6B7pLtyvRG8bST6IR_o3bwPienuaXeGUOShjHoMl09qx-Ku1Oy3aP_CYiHbAIiXIj2k_afmltxTH3PICROHTGaAGALXK') [ RunTime:0.0000s ]
NOTIC: [8] Undefined property: stdClass::$openid C:\code\lutp\Application\Home\Controller\WeixinController.class.php 第 305 行.
SQL: SELECT * FROM `iphone_token` ORDER BY token_time desc LIMIT 1   [ RunTime:0.0000s ]
INFO: [ app_end ] --START--
INFO: Run Behavior\ShowPageTraceBehavior [ RunTime:0.000976s ]
INFO: [ app_end ] --END-- [ RunTime:0.000976s ]

[ 2018-03-18T14:03:12+08:00 ] 106.11.227.181 /
INFO: [ app_init ] --START--
INFO: Run Behavior\BuildLiteBehavior [ RunTime:0.000000s ]
INFO: [ app_init ] --END-- [ RunTime:0.000000s ]
INFO: [ app_begin ] --START--
INFO: Run Behavior\ReadHtmlCacheBehavior [ RunTime:0.000000s ]
INFO: [ app_begin ] --END-- [ RunTime:0.000000s ]
SQL: SHOW COLUMNS FROM `iphone_token` [ RunTime:0.0156s ]
SQL: SELECT * FROM `iphone_token` ORDER BY token_time desc LIMIT 1   [ RunTime:0.0000s ]
SQL: SHOW COLUMNS FROM `iphone_text` [ RunTime:0.0000s ]
SQL: INSERT INTO `iphone_text` (`content`,`addtime`) VALUES ('s:193:\"{\"access_token\":\"7_z_GDX7PkISOjldG4dOUP0cgDDL1cKnLVaUPzCsgjzxjF5C-Z5zqM3uHy458PfKf4t9Ui0RsjYewSax3LTMlDZ2rIE7gyntQIdWszNufvlYncv3Q6UwJnfdsMzTgKujM97DdH0Vn7Xw4xOsC1ABGbAFADEJ\",\"expires_in\":7200}\";','2018-03-18 14:03:12') [ RunTime:0.0000s ]
SQL: INSERT INTO `iphone_token` (`token_time`,`token_value`) VALUES ('2018-03-18 14:03:12','7_z_GDX7PkISOjldG4dOUP0cgDDL1cKnLVaUPzCsgjzxjF5C-Z5zqM3uHy458PfKf4t9Ui0RsjYewSax3LTMlDZ2rIE7gyntQIdWszNufvlYncv3Q6UwJnfdsMzTgKujM97DdH0Vn7Xw4xOsC1ABGbAFADEJ') [ RunTime:0.0000s ]
SQL: SHOW COLUMNS FROM `iphone_goods_info` [ RunTime:0.0215s ]
SQL: select * from iphone_goods_info [ RunTime:0.0010s ]
SQL: select * from iphone_goods_info order by sellnum desc limit 0,4 [ RunTime:0.0000s ]
INFO: [ view_parse ] --START--
INFO: [ template_filter ] --START--
INFO: Run Behavior\ContentReplaceBehavior [ RunTime:0.000975s ]
INFO: [ template_filter ] --END-- [ RunTime:0.000975s ]
NOTIC: [8] Use of undefined constant id - assumed 'id' C:\code\lutp\Application\Runtime\Cache\Home\2a94b8bda04ff446dcedd42276fc99ee.php 第 648 行.
NOTIC: [8] Use of undefined constant id - assumed 'id' C:\code\lutp\Application\Runtime\Cache\Home\2a94b8bda04ff446dcedd42276fc99ee.php 第 648 行.
NOTIC: [8] Use of undefined constant id - assumed 'id' C:\code\lutp\Application\Runtime\Cache\Home\2a94b8bda04ff446dcedd42276fc99ee.php 第 648 行.
NOTIC: [8] Use of undefined constant id - assumed 'id' C:\code\lutp\Application\Runtime\Cache\Home\2a94b8bda04ff446dcedd42276fc99ee.php 第 648 行.
INFO: Run Behavior\ParseTemplateBehavior [ RunTime:0.033160s ]
INFO: [ view_parse ] --END-- [ RunTime:0.033160s ]
INFO: [ view_filter ] --START--
INFO: Run Behavior\WriteHtmlCacheBehavior [ RunTime:0.000976s ]
INFO: [ view_filter ] --END-- [ RunTime:0.000976s ]
INFO: [ app_end ] --START--
INFO: Run Behavior\ShowPageTraceBehavior [ RunTime:0.001951s ]
INFO: [ app_end ] --END-- [ RunTime:0.001951s ]

