[ 2018-01-15T14:45:36+08:00 ] 106.11.242.79 /
INFO: [ app_init ] --START--
INFO: Run Behavior\BuildLiteBehavior [ RunTime:0.000000s ]
INFO: [ app_init ] --END-- [ RunTime:0.000000s ]
INFO: [ app_begin ] --START--
INFO: Run Behavior\ReadHtmlCacheBehavior [ RunTime:0.000000s ]
INFO: [ app_begin ] --END-- [ RunTime:0.000000s ]
SQL: SHOW COLUMNS FROM `iphone_token` [ RunTime:0.0156s ]
SQL: SELECT * FROM `iphone_token` ORDER BY token_time desc LIMIT 1   [ RunTime:0.0000s ]
SQL: insert into iphone_token (token_value,token_time) values('5_Y7IRIx0GIGaS_CtmVgWrk3gylniP4WFb8nZ-6baq3jAPENwLWbdPTLU1OGEawL7IJ8_BHcqH2QEtzYxeFYwtKNEJsNUnYCX240eAet-y9u_ZLQdpLoXA3YvkGwyIHoL9pqbMp6BsJcWKhffsEDVhAJAAZR','2018-01-15 14:45:35') [ RunTime:0.0000s ]
SQL: SHOW COLUMNS FROM `iphone_goods_info` [ RunTime:0.0156s ]
SQL: select * from iphone_goods_info [ RunTime:0.0000s ]
SQL: select * from iphone_goods_info order by sellnum desc limit 0,4 [ RunTime:0.0000s ]
INFO: [ view_parse ] --START--
INFO: [ template_filter ] --START--
INFO: Run Behavior\ContentReplaceBehavior [ RunTime:0.001950s ]
INFO: [ template_filter ] --END-- [ RunTime:0.001950s ]
NOTIC: [8] Use of undefined constant id - assumed 'id' C:\code\lutp\Application\Runtime\Cache\Home\2a94b8bda04ff446dcedd42276fc99ee.php 第 648 行.
NOTIC: [8] Use of undefined constant id - assumed 'id' C:\code\lutp\Application\Runtime\Cache\Home\2a94b8bda04ff446dcedd42276fc99ee.php 第 648 行.
NOTIC: [8] Use of undefined constant id - assumed 'id' C:\code\lutp\Application\Runtime\Cache\Home\2a94b8bda04ff446dcedd42276fc99ee.php 第 648 行.
NOTIC: [8] Use of undefined constant id - assumed 'id' C:\code\lutp\Application\Runtime\Cache\Home\2a94b8bda04ff446dcedd42276fc99ee.php 第 648 行.
INFO: Run Behavior\ParseTemplateBehavior [ RunTime:0.019504s ]
INFO: [ view_parse ] --END-- [ RunTime:0.019504s ]
INFO: [ view_filter ] --START--
INFO: Run Behavior\WriteHtmlCacheBehavior [ RunTime:0.000000s ]
INFO: [ view_filter ] --END-- [ RunTime:0.000000s ]
INFO: [ app_end ] --START--
INFO: Run Behavior\ShowPageTraceBehavior [ RunTime:0.000975s ]
INFO: [ app_end ] --END-- [ RunTime:0.000975s ]

[ 2018-01-15T14:57:47+08:00 ] 125.41.181.3 /
INFO: [ app_init ] --START--
INFO: Run Behavior\BuildLiteBehavior [ RunTime:0.000000s ]
INFO: [ app_init ] --END-- [ RunTime:0.000000s ]
INFO: [ app_begin ] --START--
INFO: Run Behavior\ReadHtmlCacheBehavior [ RunTime:0.000000s ]
INFO: [ app_begin ] --END-- [ RunTime:0.000000s ]
SQL: SHOW COLUMNS FROM `iphone_token` [ RunTime:0.0000s ]
SQL: SELECT * FROM `iphone_token` ORDER BY token_time desc LIMIT 1   [ RunTime:0.0000s ]
SQL: SHOW COLUMNS FROM `iphone_goods_info` [ RunTime:0.0039s ]
SQL: select * from iphone_goods_info [ RunTime:0.0156s ]
SQL: select * from iphone_goods_info order by sellnum desc limit 0,4 [ RunTime:0.0000s ]
INFO: [ view_parse ] --START--
INFO: [ template_filter ] --START--
INFO: Run Behavior\ContentReplaceBehavior [ RunTime:0.000975s ]
INFO: [ template_filter ] --END-- [ RunTime:0.000975s ]
NOTIC: [8] Use of undefined constant id - assumed 'id' C:\code\lutp\Application\Runtime\Cache\Home\2a94b8bda04ff446dcedd42276fc99ee.php 第 648 行.
NOTIC: [8] Use of undefined constant id - assumed 'id' C:\code\lutp\Application\Runtime\Cache\Home\2a94b8bda04ff446dcedd42276fc99ee.php 第 648 行.
NOTIC: [8] Use of undefined constant id - assumed 'id' C:\code\lutp\Application\Runtime\Cache\Home\2a94b8bda04ff446dcedd42276fc99ee.php 第 648 行.
NOTIC: [8] Use of undefined constant id - assumed 'id' C:\code\lutp\Application\Runtime\Cache\Home\2a94b8bda04ff446dcedd42276fc99ee.php 第 648 行.
INFO: Run Behavior\ParseTemplateBehavior [ RunTime:0.037057s ]
INFO: [ view_parse ] --END-- [ RunTime:0.037057s ]
INFO: [ view_filter ] --START--
INFO: Run Behavior\WriteHtmlCacheBehavior [ RunTime:0.000000s ]
INFO: [ view_filter ] --END-- [ RunTime:0.000000s ]
INFO: [ app_end ] --START--
INFO: Run Behavior\ShowPageTraceBehavior [ RunTime:0.000975s ]
INFO: [ app_end ] --END-- [ RunTime:0.000975s ]

[ 2018-01-15T14:57:51+08:00 ] 125.41.181.3 /index.php/Home/Lu/register.html
INFO: [ app_init ] --START--
INFO: Run Behavior\BuildLiteBehavior [ RunTime:0.000000s ]
INFO: [ app_init ] --END-- [ RunTime:0.015604s ]
INFO: [ app_begin ] --START--
INFO: Run Behavior\ReadHtmlCacheBehavior [ RunTime:0.000000s ]
INFO: [ app_begin ] --END-- [ RunTime:0.000000s ]
INFO: [ view_parse ] --START--
INFO: [ template_filter ] --START--
INFO: Run Behavior\ContentReplaceBehavior [ RunTime:0.000000s ]
INFO: [ template_filter ] --END-- [ RunTime:0.000000s ]
NOTIC: [8] Undefined variable: mobile_code C:\code\lutp\Application\Runtime\Cache\Home\e890ee3ba23ac24f41026c82bd423603.php 第 545 行.
INFO: Run Behavior\ParseTemplateBehavior [ RunTime:0.015604s ]
INFO: [ view_parse ] --END-- [ RunTime:0.015604s ]
INFO: [ view_filter ] --START--
INFO: Run Behavior\WriteHtmlCacheBehavior [ RunTime:0.000000s ]
INFO: [ view_filter ] --END-- [ RunTime:0.000000s ]
INFO: [ app_end ] --START--
INFO: Run Behavior\ShowPageTraceBehavior [ RunTime:0.000000s ]
INFO: [ app_end ] --END-- [ RunTime:0.000000s ]

[ 2018-01-15T14:57:54+08:00 ] 125.41.181.3 /index.php/Home/Lu/register.html
INFO: [ app_init ] --START--
INFO: Run Behavior\BuildLiteBehavior [ RunTime:0.000000s ]
INFO: [ app_init ] --END-- [ RunTime:0.000000s ]
INFO: [ app_begin ] --START--
INFO: Run Behavior\ReadHtmlCacheBehavior [ RunTime:0.000000s ]
INFO: [ app_begin ] --END-- [ RunTime:0.000000s ]
NOTIC: [8] Undefined index: lastname C:\code\lutp\Application\Home\Controller\LuController.class.php 第 120 行.
SQL: SHOW COLUMNS FROM `iphone_member` [ RunTime:0.0156s ]
SQL: SELECT * FROM `iphone_member` WHERE ( uname='' )  [ RunTime:0.0000s ]
NOTIC: [8] Undefined index: mobile C:\code\lutp\Application\Home\Controller\LuController.class.php 第 127 行.
NOTIC: [8] Undefined index: mobile_code C:\code\lutp\Application\Home\Controller\LuController.class.php 第 127 行.
INFO: [ view_parse ] --START--
INFO: [ template_filter ] --START--
INFO: Run Behavior\ContentReplaceBehavior [ RunTime:0.000000s ]
INFO: [ template_filter ] --END-- [ RunTime:0.000000s ]
NOTIC: [8] Undefined variable: send_code C:\code\lutp\Application\Runtime\Cache\Home\e890ee3ba23ac24f41026c82bd423603.php 第 532 行.
NOTIC: [8] Undefined variable: mobile_code C:\code\lutp\Application\Runtime\Cache\Home\e890ee3ba23ac24f41026c82bd423603.php 第 545 行.
INFO: Run Behavior\ParseTemplateBehavior [ RunTime:0.031207s ]
INFO: [ view_parse ] --END-- [ RunTime:0.031207s ]
INFO: [ view_filter ] --START--
INFO: Run Behavior\WriteHtmlCacheBehavior [ RunTime:0.000000s ]
INFO: [ view_filter ] --END-- [ RunTime:0.000000s ]
INFO: [ app_end ] --START--
INFO: Run Behavior\ShowPageTraceBehavior [ RunTime:0.000000s ]
INFO: [ app_end ] --END-- [ RunTime:0.000000s ]

[ 2018-01-15T14:57:55+08:00 ] 125.41.181.3 /index.php/Home/Lu/favicon.ico
INFO: [ app_init ] --START--
INFO: Run Behavior\BuildLiteBehavior [ RunTime:0.000000s ]
INFO: [ app_init ] --END-- [ RunTime:0.000000s ]

