[ 2017-12-07T20:23:35+08:00 ] 123.151.77.132 /index.php/Weixin/News/discoveryNewsList.html
INFO: [ app_init ] --START--
INFO: Run Behavior\BuildLiteBehavior [ RunTime:0.000000s ]
INFO: [ app_init ] --END-- [ RunTime:0.000000s ]
ERR: 无法加载模块:Weixin

[ 2017-12-07T20:23:45+08:00 ] 58.247.212.98 /index.php/Weixin/News/discoveryNewsList.html
INFO: [ app_init ] --START--
INFO: Run Behavior\BuildLiteBehavior [ RunTime:0.000000s ]
INFO: [ app_init ] --END-- [ RunTime:0.000000s ]
ERR: 无法加载模块:Weixin

[ 2017-12-07T20:24:07+08:00 ] 123.151.77.70 /index.php/Weixin/News/index.html
INFO: [ app_init ] --START--
INFO: Run Behavior\BuildLiteBehavior [ RunTime:0.000000s ]
INFO: [ app_init ] --END-- [ RunTime:0.000000s ]
ERR: 无法加载模块:Weixin

[ 2017-12-07T20:24:08+08:00 ] 101.226.233.149 /index.php/Weixin/News/index.html
INFO: [ app_init ] --START--
INFO: Run Behavior\BuildLiteBehavior [ RunTime:0.000000s ]
INFO: [ app_init ] --END-- [ RunTime:0.000000s ]
ERR: 无法加载模块:Weixin

[ 2017-12-07T20:24:17+08:00 ] 120.204.17.68 /index.php/Weixin/News/index.html
INFO: [ app_init ] --START--
INFO: Run Behavior\BuildLiteBehavior [ RunTime:0.000000s ]
INFO: [ app_init ] --END-- [ RunTime:0.000000s ]
ERR: 无法加载模块:Weixin

[ 2017-12-07T22:17:56+08:00 ] 101.226.233.154 /index.php/Weixin/News/discoveryNewsList.html
INFO: [ app_init ] --START--
INFO: Run Behavior\BuildLiteBehavior [ RunTime:0.000000s ]
INFO: [ app_init ] --END-- [ RunTime:0.000000s ]
ERR: 无法加载模块:Weixin

