[ 2017-12-31T18:10:36+08:00 ] 125.41.181.3 /index.php/Weixin/Goods/index
INFO: [ app_init ] --START--
INFO: Run Behavior\BuildLiteBehavior [ RunTime:0.000000s ]
INFO: [ app_init ] --END-- [ RunTime:0.000000s ]
ERR: 无法加载模块:Weixin

[ 2017-12-31T18:10:44+08:00 ] 125.41.181.3 /index.php/Weixin/Goods/index
INFO: [ app_init ] --START--
INFO: Run Behavior\BuildLiteBehavior [ RunTime:0.000000s ]
INFO: [ app_init ] --END-- [ RunTime:0.015607s ]
ERR: 无法加载模块:Weixin

[ 2017-12-31T18:10:47+08:00 ] 125.41.181.3 /index.php/Weixin/News/index.html
INFO: [ app_init ] --START--
INFO: Run Behavior\BuildLiteBehavior [ RunTime:0.000000s ]
INFO: [ app_init ] --END-- [ RunTime:0.000000s ]
ERR: 无法加载模块:Weixin

[ 2017-12-31T18:11:32+08:00 ] 125.41.181.3 /index.php/Weixin/News/index.html
INFO: [ app_init ] --START--
INFO: Run Behavior\BuildLiteBehavior [ RunTime:0.000000s ]
INFO: [ app_init ] --END-- [ RunTime:0.000000s ]
ERR: 无法加载模块:Weixin

[ 2017-12-31T18:11:35+08:00 ] 125.41.181.3 /index.php/Weixin/News/index.html
INFO: [ app_init ] --START--
INFO: Run Behavior\BuildLiteBehavior [ RunTime:0.000000s ]
INFO: [ app_init ] --END-- [ RunTime:0.000000s ]
ERR: 无法加载模块:Weixin

[ 2017-12-31T18:11:40+08:00 ] 125.41.181.3 /index.php/Weixin/News/index.html
INFO: [ app_init ] --START--
INFO: Run Behavior\BuildLiteBehavior [ RunTime:0.000000s ]
INFO: [ app_init ] --END-- [ RunTime:0.000000s ]
ERR: 无法加载模块:Weixin

[ 2017-12-31T18:11:44+08:00 ] 125.41.181.3 /index.php/Weixin/Goods/index
INFO: [ app_init ] --START--
INFO: Run Behavior\BuildLiteBehavior [ RunTime:0.000000s ]
INFO: [ app_init ] --END-- [ RunTime:0.000000s ]
ERR: 无法加载模块:Weixin

[ 2017-12-31T18:12:00+08:00 ] 125.41.181.3 /index.php/Weixin/Goods/index
INFO: [ app_init ] --START--
INFO: Run Behavior\BuildLiteBehavior [ RunTime:0.000000s ]
INFO: [ app_init ] --END-- [ RunTime:0.000000s ]
ERR: 无法加载模块:Weixin

[ 2017-12-31T18:12:28+08:00 ] 125.41.181.3 /index.php/Weixin/Goods/index
INFO: [ app_init ] --START--
INFO: Run Behavior\BuildLiteBehavior [ RunTime:0.000000s ]
INFO: [ app_init ] --END-- [ RunTime:0.000000s ]
ERR: 无法加载模块:Weixin

[ 2017-12-31T18:13:09+08:00 ] 125.41.181.3 /index.php/Weixin/News/index.html
INFO: [ app_init ] --START--
INFO: Run Behavior\BuildLiteBehavior [ RunTime:0.000000s ]
INFO: [ app_init ] --END-- [ RunTime:0.000000s ]
ERR: 无法加载模块:Weixin

[ 2017-12-31T18:14:08+08:00 ] 120.204.17.68 /index.php/Weixin/News/index.html
INFO: [ app_init ] --START--
INFO: Run Behavior\BuildLiteBehavior [ RunTime:0.000000s ]
INFO: [ app_init ] --END-- [ RunTime:0.000000s ]
ERR: 无法加载模块:Weixin

